
i0
[ 0: (accept) -> . start, { <EOF> } ]* (s1)
[ 1: start -> . expr, { <EOF> } ] (s2)
[ 2: expr -> . expr <+> expr, { <EOF>,<+>,<->,<*>,</>,<**> } ] (s2)
[ 3: expr -> . expr <-> expr, { <EOF>,<+>,<->,<*>,</>,<**> } ] (s2)
[ 4: expr -> . expr <*> expr, { <EOF>,<+>,<->,<*>,</>,<**> } ] (s2)
[ 5: expr -> . expr </> expr, { <EOF>,<+>,<->,<*>,</>,<**> } ] (s2)
[ 6: expr -> . expr <**> expr, { <EOF>,<+>,<->,<*>,</>,<**> } ] (s2)
[ 7: expr -> . atomicExpr, { <EOF>,<+>,<->,<*>,</>,<**> } ] (s13)
[ 8: atomicExpr -> . atom, { <EOF>,<+>,<->,<*>,</>,<**> } ] (s14)
[ 9: atomicExpr -> . <+> atom, { <EOF>,<+>,<->,<*>,</>,<**> } ] (s15)
[ 10: atomicExpr -> . <-> atom, { <EOF>,<+>,<->,<*>,</>,<**> } ] (s17)
[ 11: atomicExpr -> . <*> atom, { <EOF>,<+>,<->,<*>,</>,<**> } ] (s19)
[ 12: atom -> . <num>, { <EOF>,<+>,<->,<*>,</>,<**> } ] (s21)
[ 13: atom -> . <(> expr <)>, { <EOF>,<+>,<->,<*>,</>,<**> } ] (s22)
[ 14: atom -> . functions, { <EOF>,<+>,<->,<*>,</>,<**> } ] (s25)
[ 15: atom -> . consts, { <EOF>,<+>,<->,<*>,</>,<**> } ] (s26)
[ 16: functions -> . <sin> <(> expr <)>, { <EOF>,<+>,<->,<*>,</>,<**> } ] (s27)
[ 17: functions -> . <cos> <(> expr <)>, { <EOF>,<+>,<->,<*>,</>,<**> } ] (s31)
[ 18: functions -> . <tan> <(> expr <)>, { <EOF>,<+>,<->,<*>,</>,<**> } ] (s35)
[ 19: functions -> . <asin> <(> expr <)>, { <EOF>,<+>,<->,<*>,</>,<**> } ] (s39)
[ 20: functions -> . <acos> <(> expr <)>, { <EOF>,<+>,<->,<*>,</>,<**> } ] (s43)
[ 21: functions -> . <atan> <(> expr <)>, { <EOF>,<+>,<->,<*>,</>,<**> } ] (s47)
[ 22: functions -> . <sinh> <(> expr <)>, { <EOF>,<+>,<->,<*>,</>,<**> } ] (s51)
[ 23: functions -> . <cosh> <(> expr <)>, { <EOF>,<+>,<->,<*>,</>,<**> } ] (s55)
[ 24: functions -> . <tanh> <(> expr <)>, { <EOF>,<+>,<->,<*>,</>,<**> } ] (s59)
[ 25: functions -> . <exp> <(> expr <)>, { <EOF>,<+>,<->,<*>,</>,<**> } ] (s63)
[ 26: functions -> . <ln> <(> expr <)>, { <EOF>,<+>,<->,<*>,</>,<**> } ] (s67)
[ 27: functions -> . <sqrt> <(> expr <)>, { <EOF>,<+>,<->,<*>,</>,<**> } ] (s71)
[ 28: consts -> . <I>, { <EOF>,<+>,<->,<*>,</>,<**> } ] (s75)
[ 29: consts -> . <pi>, { <EOF>,<+>,<->,<*>,</>,<**> } ] (s76)
[ 30: consts -> . <e>, { <EOF>,<+>,<->,<*>,</>,<**> } ] (s77)

i1
[ 0: (accept) -> start ., { <EOF> } ]* (r)

i2
[ 1: start -> expr ., { <EOF> } ]* (r)
[ 2: expr -> expr . <+> expr, { <EOF>,<+>,<->,<*>,</>,<**> } ]* (s3)
[ 3: expr -> expr . <-> expr, { <EOF>,<+>,<->,<*>,</>,<**> } ]* (s5)
[ 4: expr -> expr . <*> expr, { <EOF>,<+>,<->,<*>,</>,<**> } ]* (s7)
[ 5: expr -> expr . </> expr, { <EOF>,<+>,<->,<*>,</>,<**> } ]* (s9)
[ 6: expr -> expr . <**> expr, { <EOF>,<+>,<->,<*>,</>,<**> } ]* (s11)

i3
[ 2: expr -> expr <+> . expr, { <EOF>,<+>,<->,<*>,</>,<**>,<)> } ]* (s4)
[ 2: expr -> . expr <+> expr, { <EOF>,<+>,<->,<*>,</>,<**>,<)> } ] (s4)
[ 3: expr -> . expr <-> expr, { <EOF>,<+>,<->,<*>,</>,<**>,<)> } ] (s4)
[ 4: expr -> . expr <*> expr, { <EOF>,<+>,<->,<*>,</>,<**>,<)> } ] (s4)
[ 5: expr -> . expr </> expr, { <EOF>,<+>,<->,<*>,</>,<**>,<)> } ] (s4)
[ 6: expr -> . expr <**> expr, { <EOF>,<+>,<->,<*>,</>,<**>,<)> } ] (s4)
[ 7: expr -> . atomicExpr, { <EOF>,<+>,<->,<*>,</>,<**>,<)> } ] (s13)
[ 8: atomicExpr -> . atom, { <EOF>,<+>,<->,<*>,</>,<**>,<)> } ] (s14)
[ 9: atomicExpr -> . <+> atom, { <EOF>,<+>,<->,<*>,</>,<**>,<)> } ] (s15)
[ 10: atomicExpr -> . <-> atom, { <EOF>,<+>,<->,<*>,</>,<**>,<)> } ] (s17)
[ 11: atomicExpr -> . <*> atom, { <EOF>,<+>,<->,<*>,</>,<**>,<)> } ] (s19)
[ 12: atom -> . <num>, { <EOF>,<+>,<->,<*>,</>,<**>,<)> } ] (s21)
[ 13: atom -> . <(> expr <)>, { <EOF>,<+>,<->,<*>,</>,<**>,<)> } ] (s22)
[ 14: atom -> . functions, { <EOF>,<+>,<->,<*>,</>,<**>,<)> } ] (s25)
[ 15: atom -> . consts, { <EOF>,<+>,<->,<*>,</>,<**>,<)> } ] (s26)
[ 16: functions -> . <sin> <(> expr <)>, { <EOF>,<+>,<->,<*>,</>,<**>,<)> } ] (s27)
[ 17: functions -> . <cos> <(> expr <)>, { <EOF>,<+>,<->,<*>,</>,<**>,<)> } ] (s31)
[ 18: functions -> . <tan> <(> expr <)>, { <EOF>,<+>,<->,<*>,</>,<**>,<)> } ] (s35)
[ 19: functions -> . <asin> <(> expr <)>, { <EOF>,<+>,<->,<*>,</>,<**>,<)> } ] (s39)
[ 20: functions -> . <acos> <(> expr <)>, { <EOF>,<+>,<->,<*>,</>,<**>,<)> } ] (s43)
[ 21: functions -> . <atan> <(> expr <)>, { <EOF>,<+>,<->,<*>,</>,<**>,<)> } ] (s47)
[ 22: functions -> . <sinh> <(> expr <)>, { <EOF>,<+>,<->,<*>,</>,<**>,<)> } ] (s51)
[ 23: functions -> . <cosh> <(> expr <)>, { <EOF>,<+>,<->,<*>,</>,<**>,<)> } ] (s55)
[ 24: functions -> . <tanh> <(> expr <)>, { <EOF>,<+>,<->,<*>,</>,<**>,<)> } ] (s59)
[ 25: functions -> . <exp> <(> expr <)>, { <EOF>,<+>,<->,<*>,</>,<**>,<)> } ] (s63)
[ 26: functions -> . <ln> <(> expr <)>, { <EOF>,<+>,<->,<*>,</>,<**>,<)> } ] (s67)
[ 27: functions -> . <sqrt> <(> expr <)>, { <EOF>,<+>,<->,<*>,</>,<**>,<)> } ] (s71)
[ 28: consts -> . <I>, { <EOF>,<+>,<->,<*>,</>,<**>,<)> } ] (s75)
[ 29: consts -> . <pi>, { <EOF>,<+>,<->,<*>,</>,<**>,<)> } ] (s76)
[ 30: consts -> . <e>, { <EOF>,<+>,<->,<*>,</>,<**>,<)> } ] (s77)

i4
[ 2: expr -> expr <+> expr ., { <EOF>,<+>,<->,<*>,</>,<**>,<)> } ]* (r)
[ 2: expr -> expr . <+> expr, { <EOF>,<+>,<->,<*>,</>,<**>,<)> } ]* (s3)
[ 3: expr -> expr . <-> expr, { <EOF>,<+>,<->,<*>,</>,<**>,<)> } ]* (s5)
[ 4: expr -> expr . <*> expr, { <EOF>,<+>,<->,<*>,</>,<**>,<)> } ]* (s7)
[ 5: expr -> expr . </> expr, { <EOF>,<+>,<->,<*>,</>,<**>,<)> } ]* (s9)
[ 6: expr -> expr . <**> expr, { <EOF>,<+>,<->,<*>,</>,<**>,<)> } ]* (s11)

i5
[ 3: expr -> expr <-> . expr, { <EOF>,<+>,<->,<*>,</>,<**>,<)> } ]* (s6)
[ 2: expr -> . expr <+> expr, { <EOF>,<+>,<->,<*>,</>,<**>,<)> } ] (s6)
[ 3: expr -> . expr <-> expr, { <EOF>,<+>,<->,<*>,</>,<**>,<)> } ] (s6)
[ 4: expr -> . expr <*> expr, { <EOF>,<+>,<->,<*>,</>,<**>,<)> } ] (s6)
[ 5: expr -> . expr </> expr, { <EOF>,<+>,<->,<*>,</>,<**>,<)> } ] (s6)
[ 6: expr -> . expr <**> expr, { <EOF>,<+>,<->,<*>,</>,<**>,<)> } ] (s6)
[ 7: expr -> . atomicExpr, { <EOF>,<+>,<->,<*>,</>,<**>,<)> } ] (s13)
[ 8: atomicExpr -> . atom, { <EOF>,<+>,<->,<*>,</>,<**>,<)> } ] (s14)
[ 9: atomicExpr -> . <+> atom, { <EOF>,<+>,<->,<*>,</>,<**>,<)> } ] (s15)
[ 10: atomicExpr -> . <-> atom, { <EOF>,<+>,<->,<*>,</>,<**>,<)> } ] (s17)
[ 11: atomicExpr -> . <*> atom, { <EOF>,<+>,<->,<*>,</>,<**>,<)> } ] (s19)
[ 12: atom -> . <num>, { <EOF>,<+>,<->,<*>,</>,<**>,<)> } ] (s21)
[ 13: atom -> . <(> expr <)>, { <EOF>,<+>,<->,<*>,</>,<**>,<)> } ] (s22)
[ 14: atom -> . functions, { <EOF>,<+>,<->,<*>,</>,<**>,<)> } ] (s25)
[ 15: atom -> . consts, { <EOF>,<+>,<->,<*>,</>,<**>,<)> } ] (s26)
[ 16: functions -> . <sin> <(> expr <)>, { <EOF>,<+>,<->,<*>,</>,<**>,<)> } ] (s27)
[ 17: functions -> . <cos> <(> expr <)>, { <EOF>,<+>,<->,<*>,</>,<**>,<)> } ] (s31)
[ 18: functions -> . <tan> <(> expr <)>, { <EOF>,<+>,<->,<*>,</>,<**>,<)> } ] (s35)
[ 19: functions -> . <asin> <(> expr <)>, { <EOF>,<+>,<->,<*>,</>,<**>,<)> } ] (s39)
[ 20: functions -> . <acos> <(> expr <)>, { <EOF>,<+>,<->,<*>,</>,<**>,<)> } ] (s43)
[ 21: functions -> . <atan> <(> expr <)>, { <EOF>,<+>,<->,<*>,</>,<**>,<)> } ] (s47)
[ 22: functions -> . <sinh> <(> expr <)>, { <EOF>,<+>,<->,<*>,</>,<**>,<)> } ] (s51)
[ 23: functions -> . <cosh> <(> expr <)>, { <EOF>,<+>,<->,<*>,</>,<**>,<)> } ] (s55)
[ 24: functions -> . <tanh> <(> expr <)>, { <EOF>,<+>,<->,<*>,</>,<**>,<)> } ] (s59)
[ 25: functions -> . <exp> <(> expr <)>, { <EOF>,<+>,<->,<*>,</>,<**>,<)> } ] (s63)
[ 26: functions -> . <ln> <(> expr <)>, { <EOF>,<+>,<->,<*>,</>,<**>,<)> } ] (s67)
[ 27: functions -> . <sqrt> <(> expr <)>, { <EOF>,<+>,<->,<*>,</>,<**>,<)> } ] (s71)
[ 28: consts -> . <I>, { <EOF>,<+>,<->,<*>,</>,<**>,<)> } ] (s75)
[ 29: consts -> . <pi>, { <EOF>,<+>,<->,<*>,</>,<**>,<)> } ] (s76)
[ 30: consts -> . <e>, { <EOF>,<+>,<->,<*>,</>,<**>,<)> } ] (s77)

i6
[ 3: expr -> expr <-> expr ., { <EOF>,<+>,<->,<*>,</>,<**>,<)> } ]* (r)
[ 2: expr -> expr . <+> expr, { <EOF>,<+>,<->,<*>,</>,<**>,<)> } ]* (s3)
[ 3: expr -> expr . <-> expr, { <EOF>,<+>,<->,<*>,</>,<**>,<)> } ]* (s5)
[ 4: expr -> expr . <*> expr, { <EOF>,<+>,<->,<*>,</>,<**>,<)> } ]* (s7)
[ 5: expr -> expr . </> expr, { <EOF>,<+>,<->,<*>,</>,<**>,<)> } ]* (s9)
[ 6: expr -> expr . <**> expr, { <EOF>,<+>,<->,<*>,</>,<**>,<)> } ]* (s11)

i7
[ 4: expr -> expr <*> . expr, { <EOF>,<+>,<->,<*>,</>,<**>,<)> } ]* (s8)
[ 2: expr -> . expr <+> expr, { <EOF>,<+>,<->,<*>,</>,<**>,<)> } ] (s8)
[ 3: expr -> . expr <-> expr, { <EOF>,<+>,<->,<*>,</>,<**>,<)> } ] (s8)
[ 4: expr -> . expr <*> expr, { <EOF>,<+>,<->,<*>,</>,<**>,<)> } ] (s8)
[ 5: expr -> . expr </> expr, { <EOF>,<+>,<->,<*>,</>,<**>,<)> } ] (s8)
[ 6: expr -> . expr <**> expr, { <EOF>,<+>,<->,<*>,</>,<**>,<)> } ] (s8)
[ 7: expr -> . atomicExpr, { <EOF>,<+>,<->,<*>,</>,<**>,<)> } ] (s13)
[ 8: atomicExpr -> . atom, { <EOF>,<+>,<->,<*>,</>,<**>,<)> } ] (s14)
[ 9: atomicExpr -> . <+> atom, { <EOF>,<+>,<->,<*>,</>,<**>,<)> } ] (s15)
[ 10: atomicExpr -> . <-> atom, { <EOF>,<+>,<->,<*>,</>,<**>,<)> } ] (s17)
[ 11: atomicExpr -> . <*> atom, { <EOF>,<+>,<->,<*>,</>,<**>,<)> } ] (s19)
[ 12: atom -> . <num>, { <EOF>,<+>,<->,<*>,</>,<**>,<)> } ] (s21)
[ 13: atom -> . <(> expr <)>, { <EOF>,<+>,<->,<*>,</>,<**>,<)> } ] (s22)
[ 14: atom -> . functions, { <EOF>,<+>,<->,<*>,</>,<**>,<)> } ] (s25)
[ 15: atom -> . consts, { <EOF>,<+>,<->,<*>,</>,<**>,<)> } ] (s26)
[ 16: functions -> . <sin> <(> expr <)>, { <EOF>,<+>,<->,<*>,</>,<**>,<)> } ] (s27)
[ 17: functions -> . <cos> <(> expr <)>, { <EOF>,<+>,<->,<*>,</>,<**>,<)> } ] (s31)
[ 18: functions -> . <tan> <(> expr <)>, { <EOF>,<+>,<->,<*>,</>,<**>,<)> } ] (s35)
[ 19: functions -> . <asin> <(> expr <)>, { <EOF>,<+>,<->,<*>,</>,<**>,<)> } ] (s39)
[ 20: functions -> . <acos> <(> expr <)>, { <EOF>,<+>,<->,<*>,</>,<**>,<)> } ] (s43)
[ 21: functions -> . <atan> <(> expr <)>, { <EOF>,<+>,<->,<*>,</>,<**>,<)> } ] (s47)
[ 22: functions -> . <sinh> <(> expr <)>, { <EOF>,<+>,<->,<*>,</>,<**>,<)> } ] (s51)
[ 23: functions -> . <cosh> <(> expr <)>, { <EOF>,<+>,<->,<*>,</>,<**>,<)> } ] (s55)
[ 24: functions -> . <tanh> <(> expr <)>, { <EOF>,<+>,<->,<*>,</>,<**>,<)> } ] (s59)
[ 25: functions -> . <exp> <(> expr <)>, { <EOF>,<+>,<->,<*>,</>,<**>,<)> } ] (s63)
[ 26: functions -> . <ln> <(> expr <)>, { <EOF>,<+>,<->,<*>,</>,<**>,<)> } ] (s67)
[ 27: functions -> . <sqrt> <(> expr <)>, { <EOF>,<+>,<->,<*>,</>,<**>,<)> } ] (s71)
[ 28: consts -> . <I>, { <EOF>,<+>,<->,<*>,</>,<**>,<)> } ] (s75)
[ 29: consts -> . <pi>, { <EOF>,<+>,<->,<*>,</>,<**>,<)> } ] (s76)
[ 30: consts -> . <e>, { <EOF>,<+>,<->,<*>,</>,<**>,<)> } ] (s77)

i8
[ 4: expr -> expr <*> expr ., { <EOF>,<+>,<->,<*>,</>,<**>,<)> } ]* (r)
[ 2: expr -> expr . <+> expr, { <EOF>,<+>,<->,<*>,</>,<**>,<)> } ]* (s3)
[ 3: expr -> expr . <-> expr, { <EOF>,<+>,<->,<*>,</>,<**>,<)> } ]* (s5)
[ 4: expr -> expr . <*> expr, { <EOF>,<+>,<->,<*>,</>,<**>,<)> } ]* (s7)
[ 5: expr -> expr . </> expr, { <EOF>,<+>,<->,<*>,</>,<**>,<)> } ]* (s9)
[ 6: expr -> expr . <**> expr, { <EOF>,<+>,<->,<*>,</>,<**>,<)> } ]* (s11)

i9
[ 5: expr -> expr </> . expr, { <EOF>,<+>,<->,<*>,</>,<**>,<)> } ]* (s10)
[ 2: expr -> . expr <+> expr, { <EOF>,<+>,<->,<*>,</>,<**>,<)> } ] (s10)
[ 3: expr -> . expr <-> expr, { <EOF>,<+>,<->,<*>,</>,<**>,<)> } ] (s10)
[ 4: expr -> . expr <*> expr, { <EOF>,<+>,<->,<*>,</>,<**>,<)> } ] (s10)
[ 5: expr -> . expr </> expr, { <EOF>,<+>,<->,<*>,</>,<**>,<)> } ] (s10)
[ 6: expr -> . expr <**> expr, { <EOF>,<+>,<->,<*>,</>,<**>,<)> } ] (s10)
[ 7: expr -> . atomicExpr, { <EOF>,<+>,<->,<*>,</>,<**>,<)> } ] (s13)
[ 8: atomicExpr -> . atom, { <EOF>,<+>,<->,<*>,</>,<**>,<)> } ] (s14)
[ 9: atomicExpr -> . <+> atom, { <EOF>,<+>,<->,<*>,</>,<**>,<)> } ] (s15)
[ 10: atomicExpr -> . <-> atom, { <EOF>,<+>,<->,<*>,</>,<**>,<)> } ] (s17)
[ 11: atomicExpr -> . <*> atom, { <EOF>,<+>,<->,<*>,</>,<**>,<)> } ] (s19)
[ 12: atom -> . <num>, { <EOF>,<+>,<->,<*>,</>,<**>,<)> } ] (s21)
[ 13: atom -> . <(> expr <)>, { <EOF>,<+>,<->,<*>,</>,<**>,<)> } ] (s22)
[ 14: atom -> . functions, { <EOF>,<+>,<->,<*>,</>,<**>,<)> } ] (s25)
[ 15: atom -> . consts, { <EOF>,<+>,<->,<*>,</>,<**>,<)> } ] (s26)
[ 16: functions -> . <sin> <(> expr <)>, { <EOF>,<+>,<->,<*>,</>,<**>,<)> } ] (s27)
[ 17: functions -> . <cos> <(> expr <)>, { <EOF>,<+>,<->,<*>,</>,<**>,<)> } ] (s31)
[ 18: functions -> . <tan> <(> expr <)>, { <EOF>,<+>,<->,<*>,</>,<**>,<)> } ] (s35)
[ 19: functions -> . <asin> <(> expr <)>, { <EOF>,<+>,<->,<*>,</>,<**>,<)> } ] (s39)
[ 20: functions -> . <acos> <(> expr <)>, { <EOF>,<+>,<->,<*>,</>,<**>,<)> } ] (s43)
[ 21: functions -> . <atan> <(> expr <)>, { <EOF>,<+>,<->,<*>,</>,<**>,<)> } ] (s47)
[ 22: functions -> . <sinh> <(> expr <)>, { <EOF>,<+>,<->,<*>,</>,<**>,<)> } ] (s51)
[ 23: functions -> . <cosh> <(> expr <)>, { <EOF>,<+>,<->,<*>,</>,<**>,<)> } ] (s55)
[ 24: functions -> . <tanh> <(> expr <)>, { <EOF>,<+>,<->,<*>,</>,<**>,<)> } ] (s59)
[ 25: functions -> . <exp> <(> expr <)>, { <EOF>,<+>,<->,<*>,</>,<**>,<)> } ] (s63)
[ 26: functions -> . <ln> <(> expr <)>, { <EOF>,<+>,<->,<*>,</>,<**>,<)> } ] (s67)
[ 27: functions -> . <sqrt> <(> expr <)>, { <EOF>,<+>,<->,<*>,</>,<**>,<)> } ] (s71)
[ 28: consts -> . <I>, { <EOF>,<+>,<->,<*>,</>,<**>,<)> } ] (s75)
[ 29: consts -> . <pi>, { <EOF>,<+>,<->,<*>,</>,<**>,<)> } ] (s76)
[ 30: consts -> . <e>, { <EOF>,<+>,<->,<*>,</>,<**>,<)> } ] (s77)

i10
[ 5: expr -> expr </> expr ., { <EOF>,<+>,<->,<*>,</>,<**>,<)> } ]* (r)
[ 2: expr -> expr . <+> expr, { <EOF>,<+>,<->,<*>,</>,<**>,<)> } ]* (s3)
[ 3: expr -> expr . <-> expr, { <EOF>,<+>,<->,<*>,</>,<**>,<)> } ]* (s5)
[ 4: expr -> expr . <*> expr, { <EOF>,<+>,<->,<*>,</>,<**>,<)> } ]* (s7)
[ 5: expr -> expr . </> expr, { <EOF>,<+>,<->,<*>,</>,<**>,<)> } ]* (s9)
[ 6: expr -> expr . <**> expr, { <EOF>,<+>,<->,<*>,</>,<**>,<)> } ]* (s11)

i11
[ 6: expr -> expr <**> . expr, { <EOF>,<+>,<->,<*>,</>,<**>,<)> } ]* (s12)
[ 2: expr -> . expr <+> expr, { <EOF>,<+>,<->,<*>,</>,<**>,<)> } ] (s12)
[ 3: expr -> . expr <-> expr, { <EOF>,<+>,<->,<*>,</>,<**>,<)> } ] (s12)
[ 4: expr -> . expr <*> expr, { <EOF>,<+>,<->,<*>,</>,<**>,<)> } ] (s12)
[ 5: expr -> . expr </> expr, { <EOF>,<+>,<->,<*>,</>,<**>,<)> } ] (s12)
[ 6: expr -> . expr <**> expr, { <EOF>,<+>,<->,<*>,</>,<**>,<)> } ] (s12)
[ 7: expr -> . atomicExpr, { <EOF>,<+>,<->,<*>,</>,<**>,<)> } ] (s13)
[ 8: atomicExpr -> . atom, { <EOF>,<+>,<->,<*>,</>,<**>,<)> } ] (s14)
[ 9: atomicExpr -> . <+> atom, { <EOF>,<+>,<->,<*>,</>,<**>,<)> } ] (s15)
[ 10: atomicExpr -> . <-> atom, { <EOF>,<+>,<->,<*>,</>,<**>,<)> } ] (s17)
[ 11: atomicExpr -> . <*> atom, { <EOF>,<+>,<->,<*>,</>,<**>,<)> } ] (s19)
[ 12: atom -> . <num>, { <EOF>,<+>,<->,<*>,</>,<**>,<)> } ] (s21)
[ 13: atom -> . <(> expr <)>, { <EOF>,<+>,<->,<*>,</>,<**>,<)> } ] (s22)
[ 14: atom -> . functions, { <EOF>,<+>,<->,<*>,</>,<**>,<)> } ] (s25)
[ 15: atom -> . consts, { <EOF>,<+>,<->,<*>,</>,<**>,<)> } ] (s26)
[ 16: functions -> . <sin> <(> expr <)>, { <EOF>,<+>,<->,<*>,</>,<**>,<)> } ] (s27)
[ 17: functions -> . <cos> <(> expr <)>, { <EOF>,<+>,<->,<*>,</>,<**>,<)> } ] (s31)
[ 18: functions -> . <tan> <(> expr <)>, { <EOF>,<+>,<->,<*>,</>,<**>,<)> } ] (s35)
[ 19: functions -> . <asin> <(> expr <)>, { <EOF>,<+>,<->,<*>,</>,<**>,<)> } ] (s39)
[ 20: functions -> . <acos> <(> expr <)>, { <EOF>,<+>,<->,<*>,</>,<**>,<)> } ] (s43)
[ 21: functions -> . <atan> <(> expr <)>, { <EOF>,<+>,<->,<*>,</>,<**>,<)> } ] (s47)
[ 22: functions -> . <sinh> <(> expr <)>, { <EOF>,<+>,<->,<*>,</>,<**>,<)> } ] (s51)
[ 23: functions -> . <cosh> <(> expr <)>, { <EOF>,<+>,<->,<*>,</>,<**>,<)> } ] (s55)
[ 24: functions -> . <tanh> <(> expr <)>, { <EOF>,<+>,<->,<*>,</>,<**>,<)> } ] (s59)
[ 25: functions -> . <exp> <(> expr <)>, { <EOF>,<+>,<->,<*>,</>,<**>,<)> } ] (s63)
[ 26: functions -> . <ln> <(> expr <)>, { <EOF>,<+>,<->,<*>,</>,<**>,<)> } ] (s67)
[ 27: functions -> . <sqrt> <(> expr <)>, { <EOF>,<+>,<->,<*>,</>,<**>,<)> } ] (s71)
[ 28: consts -> . <I>, { <EOF>,<+>,<->,<*>,</>,<**>,<)> } ] (s75)
[ 29: consts -> . <pi>, { <EOF>,<+>,<->,<*>,</>,<**>,<)> } ] (s76)
[ 30: consts -> . <e>, { <EOF>,<+>,<->,<*>,</>,<**>,<)> } ] (s77)

i12
[ 6: expr -> expr <**> expr ., { <EOF>,<+>,<->,<*>,</>,<**>,<)> } ]* (r)
[ 2: expr -> expr . <+> expr, { <EOF>,<+>,<->,<*>,</>,<**>,<)> } ]* (s3)
[ 3: expr -> expr . <-> expr, { <EOF>,<+>,<->,<*>,</>,<**>,<)> } ]* (s5)
[ 4: expr -> expr . <*> expr, { <EOF>,<+>,<->,<*>,</>,<**>,<)> } ]* (s7)
[ 5: expr -> expr . </> expr, { <EOF>,<+>,<->,<*>,</>,<**>,<)> } ]* (s9)
[ 6: expr -> expr . <**> expr, { <EOF>,<+>,<->,<*>,</>,<**>,<)> } ]* (s11)

i13
[ 7: expr -> atomicExpr ., { <EOF>,<+>,<->,<*>,</>,<**>,<)> } ]* (r)

i14
[ 8: atomicExpr -> atom ., { <EOF>,<+>,<->,<*>,</>,<**>,<)> } ]* (r)

i15
[ 9: atomicExpr -> <+> . atom, { <EOF>,<+>,<->,<*>,</>,<**>,<)> } ]* (s16)
[ 12: atom -> . <num>, { <EOF>,<+>,<->,<*>,</>,<**>,<)> } ] (s21)
[ 13: atom -> . <(> expr <)>, { <EOF>,<+>,<->,<*>,</>,<**>,<)> } ] (s22)
[ 14: atom -> . functions, { <EOF>,<+>,<->,<*>,</>,<**>,<)> } ] (s25)
[ 15: atom -> . consts, { <EOF>,<+>,<->,<*>,</>,<**>,<)> } ] (s26)
[ 16: functions -> . <sin> <(> expr <)>, { <EOF>,<+>,<->,<*>,</>,<**>,<)> } ] (s27)
[ 17: functions -> . <cos> <(> expr <)>, { <EOF>,<+>,<->,<*>,</>,<**>,<)> } ] (s31)
[ 18: functions -> . <tan> <(> expr <)>, { <EOF>,<+>,<->,<*>,</>,<**>,<)> } ] (s35)
[ 19: functions -> . <asin> <(> expr <)>, { <EOF>,<+>,<->,<*>,</>,<**>,<)> } ] (s39)
[ 20: functions -> . <acos> <(> expr <)>, { <EOF>,<+>,<->,<*>,</>,<**>,<)> } ] (s43)
[ 21: functions -> . <atan> <(> expr <)>, { <EOF>,<+>,<->,<*>,</>,<**>,<)> } ] (s47)
[ 22: functions -> . <sinh> <(> expr <)>, { <EOF>,<+>,<->,<*>,</>,<**>,<)> } ] (s51)
[ 23: functions -> . <cosh> <(> expr <)>, { <EOF>,<+>,<->,<*>,</>,<**>,<)> } ] (s55)
[ 24: functions -> . <tanh> <(> expr <)>, { <EOF>,<+>,<->,<*>,</>,<**>,<)> } ] (s59)
[ 25: functions -> . <exp> <(> expr <)>, { <EOF>,<+>,<->,<*>,</>,<**>,<)> } ] (s63)
[ 26: functions -> . <ln> <(> expr <)>, { <EOF>,<+>,<->,<*>,</>,<**>,<)> } ] (s67)
[ 27: functions -> . <sqrt> <(> expr <)>, { <EOF>,<+>,<->,<*>,</>,<**>,<)> } ] (s71)
[ 28: consts -> . <I>, { <EOF>,<+>,<->,<*>,</>,<**>,<)> } ] (s75)
[ 29: consts -> . <pi>, { <EOF>,<+>,<->,<*>,</>,<**>,<)> } ] (s76)
[ 30: consts -> . <e>, { <EOF>,<+>,<->,<*>,</>,<**>,<)> } ] (s77)

i16
[ 9: atomicExpr -> <+> atom ., { <EOF>,<+>,<->,<*>,</>,<**>,<)> } ]* (r)

i17
[ 10: atomicExpr -> <-> . atom, { <EOF>,<+>,<->,<*>,</>,<**>,<)> } ]* (s18)
[ 12: atom -> . <num>, { <EOF>,<+>,<->,<*>,</>,<**>,<)> } ] (s21)
[ 13: atom -> . <(> expr <)>, { <EOF>,<+>,<->,<*>,</>,<**>,<)> } ] (s22)
[ 14: atom -> . functions, { <EOF>,<+>,<->,<*>,</>,<**>,<)> } ] (s25)
[ 15: atom -> . consts, { <EOF>,<+>,<->,<*>,</>,<**>,<)> } ] (s26)
[ 16: functions -> . <sin> <(> expr <)>, { <EOF>,<+>,<->,<*>,</>,<**>,<)> } ] (s27)
[ 17: functions -> . <cos> <(> expr <)>, { <EOF>,<+>,<->,<*>,</>,<**>,<)> } ] (s31)
[ 18: functions -> . <tan> <(> expr <)>, { <EOF>,<+>,<->,<*>,</>,<**>,<)> } ] (s35)
[ 19: functions -> . <asin> <(> expr <)>, { <EOF>,<+>,<->,<*>,</>,<**>,<)> } ] (s39)
[ 20: functions -> . <acos> <(> expr <)>, { <EOF>,<+>,<->,<*>,</>,<**>,<)> } ] (s43)
[ 21: functions -> . <atan> <(> expr <)>, { <EOF>,<+>,<->,<*>,</>,<**>,<)> } ] (s47)
[ 22: functions -> . <sinh> <(> expr <)>, { <EOF>,<+>,<->,<*>,</>,<**>,<)> } ] (s51)
[ 23: functions -> . <cosh> <(> expr <)>, { <EOF>,<+>,<->,<*>,</>,<**>,<)> } ] (s55)
[ 24: functions -> . <tanh> <(> expr <)>, { <EOF>,<+>,<->,<*>,</>,<**>,<)> } ] (s59)
[ 25: functions -> . <exp> <(> expr <)>, { <EOF>,<+>,<->,<*>,</>,<**>,<)> } ] (s63)
[ 26: functions -> . <ln> <(> expr <)>, { <EOF>,<+>,<->,<*>,</>,<**>,<)> } ] (s67)
[ 27: functions -> . <sqrt> <(> expr <)>, { <EOF>,<+>,<->,<*>,</>,<**>,<)> } ] (s71)
[ 28: consts -> . <I>, { <EOF>,<+>,<->,<*>,</>,<**>,<)> } ] (s75)
[ 29: consts -> . <pi>, { <EOF>,<+>,<->,<*>,</>,<**>,<)> } ] (s76)
[ 30: consts -> . <e>, { <EOF>,<+>,<->,<*>,</>,<**>,<)> } ] (s77)

i18
[ 10: atomicExpr -> <-> atom ., { <EOF>,<+>,<->,<*>,</>,<**>,<)> } ]* (r)

i19
[ 11: atomicExpr -> <*> . atom, { <EOF>,<+>,<->,<*>,</>,<**>,<)> } ]* (s20)
[ 12: atom -> . <num>, { <EOF>,<+>,<->,<*>,</>,<**>,<)> } ] (s21)
[ 13: atom -> . <(> expr <)>, { <EOF>,<+>,<->,<*>,</>,<**>,<)> } ] (s22)
[ 14: atom -> . functions, { <EOF>,<+>,<->,<*>,</>,<**>,<)> } ] (s25)
[ 15: atom -> . consts, { <EOF>,<+>,<->,<*>,</>,<**>,<)> } ] (s26)
[ 16: functions -> . <sin> <(> expr <)>, { <EOF>,<+>,<->,<*>,</>,<**>,<)> } ] (s27)
[ 17: functions -> . <cos> <(> expr <)>, { <EOF>,<+>,<->,<*>,</>,<**>,<)> } ] (s31)
[ 18: functions -> . <tan> <(> expr <)>, { <EOF>,<+>,<->,<*>,</>,<**>,<)> } ] (s35)
[ 19: functions -> . <asin> <(> expr <)>, { <EOF>,<+>,<->,<*>,</>,<**>,<)> } ] (s39)
[ 20: functions -> . <acos> <(> expr <)>, { <EOF>,<+>,<->,<*>,</>,<**>,<)> } ] (s43)
[ 21: functions -> . <atan> <(> expr <)>, { <EOF>,<+>,<->,<*>,</>,<**>,<)> } ] (s47)
[ 22: functions -> . <sinh> <(> expr <)>, { <EOF>,<+>,<->,<*>,</>,<**>,<)> } ] (s51)
[ 23: functions -> . <cosh> <(> expr <)>, { <EOF>,<+>,<->,<*>,</>,<**>,<)> } ] (s55)
[ 24: functions -> . <tanh> <(> expr <)>, { <EOF>,<+>,<->,<*>,</>,<**>,<)> } ] (s59)
[ 25: functions -> . <exp> <(> expr <)>, { <EOF>,<+>,<->,<*>,</>,<**>,<)> } ] (s63)
[ 26: functions -> . <ln> <(> expr <)>, { <EOF>,<+>,<->,<*>,</>,<**>,<)> } ] (s67)
[ 27: functions -> . <sqrt> <(> expr <)>, { <EOF>,<+>,<->,<*>,</>,<**>,<)> } ] (s71)
[ 28: consts -> . <I>, { <EOF>,<+>,<->,<*>,</>,<**>,<)> } ] (s75)
[ 29: consts -> . <pi>, { <EOF>,<+>,<->,<*>,</>,<**>,<)> } ] (s76)
[ 30: consts -> . <e>, { <EOF>,<+>,<->,<*>,</>,<**>,<)> } ] (s77)

i20
[ 11: atomicExpr -> <*> atom ., { <EOF>,<+>,<->,<*>,</>,<**>,<)> } ]* (r)

i21
[ 12: atom -> <num> ., { <EOF>,<+>,<->,<*>,</>,<**>,<)> } ]* (r)

i22
[ 13: atom -> <(> . expr <)>, { <EOF>,<+>,<->,<*>,</>,<**>,<)> } ]* (s23)
[ 2: expr -> . expr <+> expr, { <+>,<->,<*>,</>,<**>,<)> } ] (s23)
[ 3: expr -> . expr <-> expr, { <+>,<->,<*>,</>,<**>,<)> } ] (s23)
[ 4: expr -> . expr <*> expr, { <+>,<->,<*>,</>,<**>,<)> } ] (s23)
[ 5: expr -> . expr </> expr, { <+>,<->,<*>,</>,<**>,<)> } ] (s23)
[ 6: expr -> . expr <**> expr, { <+>,<->,<*>,</>,<**>,<)> } ] (s23)
[ 7: expr -> . atomicExpr, { <+>,<->,<*>,</>,<**>,<)> } ] (s13)
[ 8: atomicExpr -> . atom, { <+>,<->,<*>,</>,<**>,<)> } ] (s14)
[ 9: atomicExpr -> . <+> atom, { <+>,<->,<*>,</>,<**>,<)> } ] (s15)
[ 10: atomicExpr -> . <-> atom, { <+>,<->,<*>,</>,<**>,<)> } ] (s17)
[ 11: atomicExpr -> . <*> atom, { <+>,<->,<*>,</>,<**>,<)> } ] (s19)
[ 12: atom -> . <num>, { <+>,<->,<*>,</>,<**>,<)> } ] (s21)
[ 13: atom -> . <(> expr <)>, { <+>,<->,<*>,</>,<**>,<)> } ] (s22)
[ 14: atom -> . functions, { <+>,<->,<*>,</>,<**>,<)> } ] (s25)
[ 15: atom -> . consts, { <+>,<->,<*>,</>,<**>,<)> } ] (s26)
[ 16: functions -> . <sin> <(> expr <)>, { <+>,<->,<*>,</>,<**>,<)> } ] (s27)
[ 17: functions -> . <cos> <(> expr <)>, { <+>,<->,<*>,</>,<**>,<)> } ] (s31)
[ 18: functions -> . <tan> <(> expr <)>, { <+>,<->,<*>,</>,<**>,<)> } ] (s35)
[ 19: functions -> . <asin> <(> expr <)>, { <+>,<->,<*>,</>,<**>,<)> } ] (s39)
[ 20: functions -> . <acos> <(> expr <)>, { <+>,<->,<*>,</>,<**>,<)> } ] (s43)
[ 21: functions -> . <atan> <(> expr <)>, { <+>,<->,<*>,</>,<**>,<)> } ] (s47)
[ 22: functions -> . <sinh> <(> expr <)>, { <+>,<->,<*>,</>,<**>,<)> } ] (s51)
[ 23: functions -> . <cosh> <(> expr <)>, { <+>,<->,<*>,</>,<**>,<)> } ] (s55)
[ 24: functions -> . <tanh> <(> expr <)>, { <+>,<->,<*>,</>,<**>,<)> } ] (s59)
[ 25: functions -> . <exp> <(> expr <)>, { <+>,<->,<*>,</>,<**>,<)> } ] (s63)
[ 26: functions -> . <ln> <(> expr <)>, { <+>,<->,<*>,</>,<**>,<)> } ] (s67)
[ 27: functions -> . <sqrt> <(> expr <)>, { <+>,<->,<*>,</>,<**>,<)> } ] (s71)
[ 28: consts -> . <I>, { <+>,<->,<*>,</>,<**>,<)> } ] (s75)
[ 29: consts -> . <pi>, { <+>,<->,<*>,</>,<**>,<)> } ] (s76)
[ 30: consts -> . <e>, { <+>,<->,<*>,</>,<**>,<)> } ] (s77)

i23
[ 13: atom -> <(> expr . <)>, { <EOF>,<+>,<->,<*>,</>,<**>,<)> } ]* (s24)
[ 2: expr -> expr . <+> expr, { <+>,<->,<*>,</>,<**>,<)> } ]* (s3)
[ 3: expr -> expr . <-> expr, { <+>,<->,<*>,</>,<**>,<)> } ]* (s5)
[ 4: expr -> expr . <*> expr, { <+>,<->,<*>,</>,<**>,<)> } ]* (s7)
[ 5: expr -> expr . </> expr, { <+>,<->,<*>,</>,<**>,<)> } ]* (s9)
[ 6: expr -> expr . <**> expr, { <+>,<->,<*>,</>,<**>,<)> } ]* (s11)

i24
[ 13: atom -> <(> expr <)> ., { <EOF>,<+>,<->,<*>,</>,<**>,<)> } ]* (r)

i25
[ 14: atom -> functions ., { <EOF>,<+>,<->,<*>,</>,<**>,<)> } ]* (r)

i26
[ 15: atom -> consts ., { <EOF>,<+>,<->,<*>,</>,<**>,<)> } ]* (r)

i27
[ 16: functions -> <sin> . <(> expr <)>, { <EOF>,<+>,<->,<*>,</>,<**>,<)> } ]* (s28)

i28
[ 16: functions -> <sin> <(> . expr <)>, { <EOF>,<+>,<->,<*>,</>,<**>,<)> } ]* (s29)
[ 2: expr -> . expr <+> expr, { <+>,<->,<*>,</>,<**>,<)> } ] (s29)
[ 3: expr -> . expr <-> expr, { <+>,<->,<*>,</>,<**>,<)> } ] (s29)
[ 4: expr -> . expr <*> expr, { <+>,<->,<*>,</>,<**>,<)> } ] (s29)
[ 5: expr -> . expr </> expr, { <+>,<->,<*>,</>,<**>,<)> } ] (s29)
[ 6: expr -> . expr <**> expr, { <+>,<->,<*>,</>,<**>,<)> } ] (s29)
[ 7: expr -> . atomicExpr, { <+>,<->,<*>,</>,<**>,<)> } ] (s13)
[ 8: atomicExpr -> . atom, { <+>,<->,<*>,</>,<**>,<)> } ] (s14)
[ 9: atomicExpr -> . <+> atom, { <+>,<->,<*>,</>,<**>,<)> } ] (s15)
[ 10: atomicExpr -> . <-> atom, { <+>,<->,<*>,</>,<**>,<)> } ] (s17)
[ 11: atomicExpr -> . <*> atom, { <+>,<->,<*>,</>,<**>,<)> } ] (s19)
[ 12: atom -> . <num>, { <+>,<->,<*>,</>,<**>,<)> } ] (s21)
[ 13: atom -> . <(> expr <)>, { <+>,<->,<*>,</>,<**>,<)> } ] (s22)
[ 14: atom -> . functions, { <+>,<->,<*>,</>,<**>,<)> } ] (s25)
[ 15: atom -> . consts, { <+>,<->,<*>,</>,<**>,<)> } ] (s26)
[ 16: functions -> . <sin> <(> expr <)>, { <+>,<->,<*>,</>,<**>,<)> } ] (s27)
[ 17: functions -> . <cos> <(> expr <)>, { <+>,<->,<*>,</>,<**>,<)> } ] (s31)
[ 18: functions -> . <tan> <(> expr <)>, { <+>,<->,<*>,</>,<**>,<)> } ] (s35)
[ 19: functions -> . <asin> <(> expr <)>, { <+>,<->,<*>,</>,<**>,<)> } ] (s39)
[ 20: functions -> . <acos> <(> expr <)>, { <+>,<->,<*>,</>,<**>,<)> } ] (s43)
[ 21: functions -> . <atan> <(> expr <)>, { <+>,<->,<*>,</>,<**>,<)> } ] (s47)
[ 22: functions -> . <sinh> <(> expr <)>, { <+>,<->,<*>,</>,<**>,<)> } ] (s51)
[ 23: functions -> . <cosh> <(> expr <)>, { <+>,<->,<*>,</>,<**>,<)> } ] (s55)
[ 24: functions -> . <tanh> <(> expr <)>, { <+>,<->,<*>,</>,<**>,<)> } ] (s59)
[ 25: functions -> . <exp> <(> expr <)>, { <+>,<->,<*>,</>,<**>,<)> } ] (s63)
[ 26: functions -> . <ln> <(> expr <)>, { <+>,<->,<*>,</>,<**>,<)> } ] (s67)
[ 27: functions -> . <sqrt> <(> expr <)>, { <+>,<->,<*>,</>,<**>,<)> } ] (s71)
[ 28: consts -> . <I>, { <+>,<->,<*>,</>,<**>,<)> } ] (s75)
[ 29: consts -> . <pi>, { <+>,<->,<*>,</>,<**>,<)> } ] (s76)
[ 30: consts -> . <e>, { <+>,<->,<*>,</>,<**>,<)> } ] (s77)

i29
[ 16: functions -> <sin> <(> expr . <)>, { <EOF>,<+>,<->,<*>,</>,<**>,<)> } ]* (s30)
[ 2: expr -> expr . <+> expr, { <+>,<->,<*>,</>,<**>,<)> } ]* (s3)
[ 3: expr -> expr . <-> expr, { <+>,<->,<*>,</>,<**>,<)> } ]* (s5)
[ 4: expr -> expr . <*> expr, { <+>,<->,<*>,</>,<**>,<)> } ]* (s7)
[ 5: expr -> expr . </> expr, { <+>,<->,<*>,</>,<**>,<)> } ]* (s9)
[ 6: expr -> expr . <**> expr, { <+>,<->,<*>,</>,<**>,<)> } ]* (s11)

i30
[ 16: functions -> <sin> <(> expr <)> ., { <EOF>,<+>,<->,<*>,</>,<**>,<)> } ]* (r)

i31
[ 17: functions -> <cos> . <(> expr <)>, { <EOF>,<+>,<->,<*>,</>,<**>,<)> } ]* (s32)

i32
[ 17: functions -> <cos> <(> . expr <)>, { <EOF>,<+>,<->,<*>,</>,<**>,<)> } ]* (s33)
[ 2: expr -> . expr <+> expr, { <+>,<->,<*>,</>,<**>,<)> } ] (s33)
[ 3: expr -> . expr <-> expr, { <+>,<->,<*>,</>,<**>,<)> } ] (s33)
[ 4: expr -> . expr <*> expr, { <+>,<->,<*>,</>,<**>,<)> } ] (s33)
[ 5: expr -> . expr </> expr, { <+>,<->,<*>,</>,<**>,<)> } ] (s33)
[ 6: expr -> . expr <**> expr, { <+>,<->,<*>,</>,<**>,<)> } ] (s33)
[ 7: expr -> . atomicExpr, { <+>,<->,<*>,</>,<**>,<)> } ] (s13)
[ 8: atomicExpr -> . atom, { <+>,<->,<*>,</>,<**>,<)> } ] (s14)
[ 9: atomicExpr -> . <+> atom, { <+>,<->,<*>,</>,<**>,<)> } ] (s15)
[ 10: atomicExpr -> . <-> atom, { <+>,<->,<*>,</>,<**>,<)> } ] (s17)
[ 11: atomicExpr -> . <*> atom, { <+>,<->,<*>,</>,<**>,<)> } ] (s19)
[ 12: atom -> . <num>, { <+>,<->,<*>,</>,<**>,<)> } ] (s21)
[ 13: atom -> . <(> expr <)>, { <+>,<->,<*>,</>,<**>,<)> } ] (s22)
[ 14: atom -> . functions, { <+>,<->,<*>,</>,<**>,<)> } ] (s25)
[ 15: atom -> . consts, { <+>,<->,<*>,</>,<**>,<)> } ] (s26)
[ 16: functions -> . <sin> <(> expr <)>, { <+>,<->,<*>,</>,<**>,<)> } ] (s27)
[ 17: functions -> . <cos> <(> expr <)>, { <+>,<->,<*>,</>,<**>,<)> } ] (s31)
[ 18: functions -> . <tan> <(> expr <)>, { <+>,<->,<*>,</>,<**>,<)> } ] (s35)
[ 19: functions -> . <asin> <(> expr <)>, { <+>,<->,<*>,</>,<**>,<)> } ] (s39)
[ 20: functions -> . <acos> <(> expr <)>, { <+>,<->,<*>,</>,<**>,<)> } ] (s43)
[ 21: functions -> . <atan> <(> expr <)>, { <+>,<->,<*>,</>,<**>,<)> } ] (s47)
[ 22: functions -> . <sinh> <(> expr <)>, { <+>,<->,<*>,</>,<**>,<)> } ] (s51)
[ 23: functions -> . <cosh> <(> expr <)>, { <+>,<->,<*>,</>,<**>,<)> } ] (s55)
[ 24: functions -> . <tanh> <(> expr <)>, { <+>,<->,<*>,</>,<**>,<)> } ] (s59)
[ 25: functions -> . <exp> <(> expr <)>, { <+>,<->,<*>,</>,<**>,<)> } ] (s63)
[ 26: functions -> . <ln> <(> expr <)>, { <+>,<->,<*>,</>,<**>,<)> } ] (s67)
[ 27: functions -> . <sqrt> <(> expr <)>, { <+>,<->,<*>,</>,<**>,<)> } ] (s71)
[ 28: consts -> . <I>, { <+>,<->,<*>,</>,<**>,<)> } ] (s75)
[ 29: consts -> . <pi>, { <+>,<->,<*>,</>,<**>,<)> } ] (s76)
[ 30: consts -> . <e>, { <+>,<->,<*>,</>,<**>,<)> } ] (s77)

i33
[ 17: functions -> <cos> <(> expr . <)>, { <EOF>,<+>,<->,<*>,</>,<**>,<)> } ]* (s34)
[ 2: expr -> expr . <+> expr, { <+>,<->,<*>,</>,<**>,<)> } ]* (s3)
[ 3: expr -> expr . <-> expr, { <+>,<->,<*>,</>,<**>,<)> } ]* (s5)
[ 4: expr -> expr . <*> expr, { <+>,<->,<*>,</>,<**>,<)> } ]* (s7)
[ 5: expr -> expr . </> expr, { <+>,<->,<*>,</>,<**>,<)> } ]* (s9)
[ 6: expr -> expr . <**> expr, { <+>,<->,<*>,</>,<**>,<)> } ]* (s11)

i34
[ 17: functions -> <cos> <(> expr <)> ., { <EOF>,<+>,<->,<*>,</>,<**>,<)> } ]* (r)

i35
[ 18: functions -> <tan> . <(> expr <)>, { <EOF>,<+>,<->,<*>,</>,<**>,<)> } ]* (s36)

i36
[ 18: functions -> <tan> <(> . expr <)>, { <EOF>,<+>,<->,<*>,</>,<**>,<)> } ]* (s37)
[ 2: expr -> . expr <+> expr, { <+>,<->,<*>,</>,<**>,<)> } ] (s37)
[ 3: expr -> . expr <-> expr, { <+>,<->,<*>,</>,<**>,<)> } ] (s37)
[ 4: expr -> . expr <*> expr, { <+>,<->,<*>,</>,<**>,<)> } ] (s37)
[ 5: expr -> . expr </> expr, { <+>,<->,<*>,</>,<**>,<)> } ] (s37)
[ 6: expr -> . expr <**> expr, { <+>,<->,<*>,</>,<**>,<)> } ] (s37)
[ 7: expr -> . atomicExpr, { <+>,<->,<*>,</>,<**>,<)> } ] (s13)
[ 8: atomicExpr -> . atom, { <+>,<->,<*>,</>,<**>,<)> } ] (s14)
[ 9: atomicExpr -> . <+> atom, { <+>,<->,<*>,</>,<**>,<)> } ] (s15)
[ 10: atomicExpr -> . <-> atom, { <+>,<->,<*>,</>,<**>,<)> } ] (s17)
[ 11: atomicExpr -> . <*> atom, { <+>,<->,<*>,</>,<**>,<)> } ] (s19)
[ 12: atom -> . <num>, { <+>,<->,<*>,</>,<**>,<)> } ] (s21)
[ 13: atom -> . <(> expr <)>, { <+>,<->,<*>,</>,<**>,<)> } ] (s22)
[ 14: atom -> . functions, { <+>,<->,<*>,</>,<**>,<)> } ] (s25)
[ 15: atom -> . consts, { <+>,<->,<*>,</>,<**>,<)> } ] (s26)
[ 16: functions -> . <sin> <(> expr <)>, { <+>,<->,<*>,</>,<**>,<)> } ] (s27)
[ 17: functions -> . <cos> <(> expr <)>, { <+>,<->,<*>,</>,<**>,<)> } ] (s31)
[ 18: functions -> . <tan> <(> expr <)>, { <+>,<->,<*>,</>,<**>,<)> } ] (s35)
[ 19: functions -> . <asin> <(> expr <)>, { <+>,<->,<*>,</>,<**>,<)> } ] (s39)
[ 20: functions -> . <acos> <(> expr <)>, { <+>,<->,<*>,</>,<**>,<)> } ] (s43)
[ 21: functions -> . <atan> <(> expr <)>, { <+>,<->,<*>,</>,<**>,<)> } ] (s47)
[ 22: functions -> . <sinh> <(> expr <)>, { <+>,<->,<*>,</>,<**>,<)> } ] (s51)
[ 23: functions -> . <cosh> <(> expr <)>, { <+>,<->,<*>,</>,<**>,<)> } ] (s55)
[ 24: functions -> . <tanh> <(> expr <)>, { <+>,<->,<*>,</>,<**>,<)> } ] (s59)
[ 25: functions -> . <exp> <(> expr <)>, { <+>,<->,<*>,</>,<**>,<)> } ] (s63)
[ 26: functions -> . <ln> <(> expr <)>, { <+>,<->,<*>,</>,<**>,<)> } ] (s67)
[ 27: functions -> . <sqrt> <(> expr <)>, { <+>,<->,<*>,</>,<**>,<)> } ] (s71)
[ 28: consts -> . <I>, { <+>,<->,<*>,</>,<**>,<)> } ] (s75)
[ 29: consts -> . <pi>, { <+>,<->,<*>,</>,<**>,<)> } ] (s76)
[ 30: consts -> . <e>, { <+>,<->,<*>,</>,<**>,<)> } ] (s77)

i37
[ 18: functions -> <tan> <(> expr . <)>, { <EOF>,<+>,<->,<*>,</>,<**>,<)> } ]* (s38)
[ 2: expr -> expr . <+> expr, { <+>,<->,<*>,</>,<**>,<)> } ]* (s3)
[ 3: expr -> expr . <-> expr, { <+>,<->,<*>,</>,<**>,<)> } ]* (s5)
[ 4: expr -> expr . <*> expr, { <+>,<->,<*>,</>,<**>,<)> } ]* (s7)
[ 5: expr -> expr . </> expr, { <+>,<->,<*>,</>,<**>,<)> } ]* (s9)
[ 6: expr -> expr . <**> expr, { <+>,<->,<*>,</>,<**>,<)> } ]* (s11)

i38
[ 18: functions -> <tan> <(> expr <)> ., { <EOF>,<+>,<->,<*>,</>,<**>,<)> } ]* (r)

i39
[ 19: functions -> <asin> . <(> expr <)>, { <EOF>,<+>,<->,<*>,</>,<**>,<)> } ]* (s40)

i40
[ 19: functions -> <asin> <(> . expr <)>, { <EOF>,<+>,<->,<*>,</>,<**>,<)> } ]* (s41)
[ 2: expr -> . expr <+> expr, { <+>,<->,<*>,</>,<**>,<)> } ] (s41)
[ 3: expr -> . expr <-> expr, { <+>,<->,<*>,</>,<**>,<)> } ] (s41)
[ 4: expr -> . expr <*> expr, { <+>,<->,<*>,</>,<**>,<)> } ] (s41)
[ 5: expr -> . expr </> expr, { <+>,<->,<*>,</>,<**>,<)> } ] (s41)
[ 6: expr -> . expr <**> expr, { <+>,<->,<*>,</>,<**>,<)> } ] (s41)
[ 7: expr -> . atomicExpr, { <+>,<->,<*>,</>,<**>,<)> } ] (s13)
[ 8: atomicExpr -> . atom, { <+>,<->,<*>,</>,<**>,<)> } ] (s14)
[ 9: atomicExpr -> . <+> atom, { <+>,<->,<*>,</>,<**>,<)> } ] (s15)
[ 10: atomicExpr -> . <-> atom, { <+>,<->,<*>,</>,<**>,<)> } ] (s17)
[ 11: atomicExpr -> . <*> atom, { <+>,<->,<*>,</>,<**>,<)> } ] (s19)
[ 12: atom -> . <num>, { <+>,<->,<*>,</>,<**>,<)> } ] (s21)
[ 13: atom -> . <(> expr <)>, { <+>,<->,<*>,</>,<**>,<)> } ] (s22)
[ 14: atom -> . functions, { <+>,<->,<*>,</>,<**>,<)> } ] (s25)
[ 15: atom -> . consts, { <+>,<->,<*>,</>,<**>,<)> } ] (s26)
[ 16: functions -> . <sin> <(> expr <)>, { <+>,<->,<*>,</>,<**>,<)> } ] (s27)
[ 17: functions -> . <cos> <(> expr <)>, { <+>,<->,<*>,</>,<**>,<)> } ] (s31)
[ 18: functions -> . <tan> <(> expr <)>, { <+>,<->,<*>,</>,<**>,<)> } ] (s35)
[ 19: functions -> . <asin> <(> expr <)>, { <+>,<->,<*>,</>,<**>,<)> } ] (s39)
[ 20: functions -> . <acos> <(> expr <)>, { <+>,<->,<*>,</>,<**>,<)> } ] (s43)
[ 21: functions -> . <atan> <(> expr <)>, { <+>,<->,<*>,</>,<**>,<)> } ] (s47)
[ 22: functions -> . <sinh> <(> expr <)>, { <+>,<->,<*>,</>,<**>,<)> } ] (s51)
[ 23: functions -> . <cosh> <(> expr <)>, { <+>,<->,<*>,</>,<**>,<)> } ] (s55)
[ 24: functions -> . <tanh> <(> expr <)>, { <+>,<->,<*>,</>,<**>,<)> } ] (s59)
[ 25: functions -> . <exp> <(> expr <)>, { <+>,<->,<*>,</>,<**>,<)> } ] (s63)
[ 26: functions -> . <ln> <(> expr <)>, { <+>,<->,<*>,</>,<**>,<)> } ] (s67)
[ 27: functions -> . <sqrt> <(> expr <)>, { <+>,<->,<*>,</>,<**>,<)> } ] (s71)
[ 28: consts -> . <I>, { <+>,<->,<*>,</>,<**>,<)> } ] (s75)
[ 29: consts -> . <pi>, { <+>,<->,<*>,</>,<**>,<)> } ] (s76)
[ 30: consts -> . <e>, { <+>,<->,<*>,</>,<**>,<)> } ] (s77)

i41
[ 19: functions -> <asin> <(> expr . <)>, { <EOF>,<+>,<->,<*>,</>,<**>,<)> } ]* (s42)
[ 2: expr -> expr . <+> expr, { <+>,<->,<*>,</>,<**>,<)> } ]* (s3)
[ 3: expr -> expr . <-> expr, { <+>,<->,<*>,</>,<**>,<)> } ]* (s5)
[ 4: expr -> expr . <*> expr, { <+>,<->,<*>,</>,<**>,<)> } ]* (s7)
[ 5: expr -> expr . </> expr, { <+>,<->,<*>,</>,<**>,<)> } ]* (s9)
[ 6: expr -> expr . <**> expr, { <+>,<->,<*>,</>,<**>,<)> } ]* (s11)

i42
[ 19: functions -> <asin> <(> expr <)> ., { <EOF>,<+>,<->,<*>,</>,<**>,<)> } ]* (r)

i43
[ 20: functions -> <acos> . <(> expr <)>, { <EOF>,<+>,<->,<*>,</>,<**>,<)> } ]* (s44)

i44
[ 20: functions -> <acos> <(> . expr <)>, { <EOF>,<+>,<->,<*>,</>,<**>,<)> } ]* (s45)
[ 2: expr -> . expr <+> expr, { <+>,<->,<*>,</>,<**>,<)> } ] (s45)
[ 3: expr -> . expr <-> expr, { <+>,<->,<*>,</>,<**>,<)> } ] (s45)
[ 4: expr -> . expr <*> expr, { <+>,<->,<*>,</>,<**>,<)> } ] (s45)
[ 5: expr -> . expr </> expr, { <+>,<->,<*>,</>,<**>,<)> } ] (s45)
[ 6: expr -> . expr <**> expr, { <+>,<->,<*>,</>,<**>,<)> } ] (s45)
[ 7: expr -> . atomicExpr, { <+>,<->,<*>,</>,<**>,<)> } ] (s13)
[ 8: atomicExpr -> . atom, { <+>,<->,<*>,</>,<**>,<)> } ] (s14)
[ 9: atomicExpr -> . <+> atom, { <+>,<->,<*>,</>,<**>,<)> } ] (s15)
[ 10: atomicExpr -> . <-> atom, { <+>,<->,<*>,</>,<**>,<)> } ] (s17)
[ 11: atomicExpr -> . <*> atom, { <+>,<->,<*>,</>,<**>,<)> } ] (s19)
[ 12: atom -> . <num>, { <+>,<->,<*>,</>,<**>,<)> } ] (s21)
[ 13: atom -> . <(> expr <)>, { <+>,<->,<*>,</>,<**>,<)> } ] (s22)
[ 14: atom -> . functions, { <+>,<->,<*>,</>,<**>,<)> } ] (s25)
[ 15: atom -> . consts, { <+>,<->,<*>,</>,<**>,<)> } ] (s26)
[ 16: functions -> . <sin> <(> expr <)>, { <+>,<->,<*>,</>,<**>,<)> } ] (s27)
[ 17: functions -> . <cos> <(> expr <)>, { <+>,<->,<*>,</>,<**>,<)> } ] (s31)
[ 18: functions -> . <tan> <(> expr <)>, { <+>,<->,<*>,</>,<**>,<)> } ] (s35)
[ 19: functions -> . <asin> <(> expr <)>, { <+>,<->,<*>,</>,<**>,<)> } ] (s39)
[ 20: functions -> . <acos> <(> expr <)>, { <+>,<->,<*>,</>,<**>,<)> } ] (s43)
[ 21: functions -> . <atan> <(> expr <)>, { <+>,<->,<*>,</>,<**>,<)> } ] (s47)
[ 22: functions -> . <sinh> <(> expr <)>, { <+>,<->,<*>,</>,<**>,<)> } ] (s51)
[ 23: functions -> . <cosh> <(> expr <)>, { <+>,<->,<*>,</>,<**>,<)> } ] (s55)
[ 24: functions -> . <tanh> <(> expr <)>, { <+>,<->,<*>,</>,<**>,<)> } ] (s59)
[ 25: functions -> . <exp> <(> expr <)>, { <+>,<->,<*>,</>,<**>,<)> } ] (s63)
[ 26: functions -> . <ln> <(> expr <)>, { <+>,<->,<*>,</>,<**>,<)> } ] (s67)
[ 27: functions -> . <sqrt> <(> expr <)>, { <+>,<->,<*>,</>,<**>,<)> } ] (s71)
[ 28: consts -> . <I>, { <+>,<->,<*>,</>,<**>,<)> } ] (s75)
[ 29: consts -> . <pi>, { <+>,<->,<*>,</>,<**>,<)> } ] (s76)
[ 30: consts -> . <e>, { <+>,<->,<*>,</>,<**>,<)> } ] (s77)

i45
[ 20: functions -> <acos> <(> expr . <)>, { <EOF>,<+>,<->,<*>,</>,<**>,<)> } ]* (s46)
[ 2: expr -> expr . <+> expr, { <+>,<->,<*>,</>,<**>,<)> } ]* (s3)
[ 3: expr -> expr . <-> expr, { <+>,<->,<*>,</>,<**>,<)> } ]* (s5)
[ 4: expr -> expr . <*> expr, { <+>,<->,<*>,</>,<**>,<)> } ]* (s7)
[ 5: expr -> expr . </> expr, { <+>,<->,<*>,</>,<**>,<)> } ]* (s9)
[ 6: expr -> expr . <**> expr, { <+>,<->,<*>,</>,<**>,<)> } ]* (s11)

i46
[ 20: functions -> <acos> <(> expr <)> ., { <EOF>,<+>,<->,<*>,</>,<**>,<)> } ]* (r)

i47
[ 21: functions -> <atan> . <(> expr <)>, { <EOF>,<+>,<->,<*>,</>,<**>,<)> } ]* (s48)

i48
[ 21: functions -> <atan> <(> . expr <)>, { <EOF>,<+>,<->,<*>,</>,<**>,<)> } ]* (s49)
[ 2: expr -> . expr <+> expr, { <+>,<->,<*>,</>,<**>,<)> } ] (s49)
[ 3: expr -> . expr <-> expr, { <+>,<->,<*>,</>,<**>,<)> } ] (s49)
[ 4: expr -> . expr <*> expr, { <+>,<->,<*>,</>,<**>,<)> } ] (s49)
[ 5: expr -> . expr </> expr, { <+>,<->,<*>,</>,<**>,<)> } ] (s49)
[ 6: expr -> . expr <**> expr, { <+>,<->,<*>,</>,<**>,<)> } ] (s49)
[ 7: expr -> . atomicExpr, { <+>,<->,<*>,</>,<**>,<)> } ] (s13)
[ 8: atomicExpr -> . atom, { <+>,<->,<*>,</>,<**>,<)> } ] (s14)
[ 9: atomicExpr -> . <+> atom, { <+>,<->,<*>,</>,<**>,<)> } ] (s15)
[ 10: atomicExpr -> . <-> atom, { <+>,<->,<*>,</>,<**>,<)> } ] (s17)
[ 11: atomicExpr -> . <*> atom, { <+>,<->,<*>,</>,<**>,<)> } ] (s19)
[ 12: atom -> . <num>, { <+>,<->,<*>,</>,<**>,<)> } ] (s21)
[ 13: atom -> . <(> expr <)>, { <+>,<->,<*>,</>,<**>,<)> } ] (s22)
[ 14: atom -> . functions, { <+>,<->,<*>,</>,<**>,<)> } ] (s25)
[ 15: atom -> . consts, { <+>,<->,<*>,</>,<**>,<)> } ] (s26)
[ 16: functions -> . <sin> <(> expr <)>, { <+>,<->,<*>,</>,<**>,<)> } ] (s27)
[ 17: functions -> . <cos> <(> expr <)>, { <+>,<->,<*>,</>,<**>,<)> } ] (s31)
[ 18: functions -> . <tan> <(> expr <)>, { <+>,<->,<*>,</>,<**>,<)> } ] (s35)
[ 19: functions -> . <asin> <(> expr <)>, { <+>,<->,<*>,</>,<**>,<)> } ] (s39)
[ 20: functions -> . <acos> <(> expr <)>, { <+>,<->,<*>,</>,<**>,<)> } ] (s43)
[ 21: functions -> . <atan> <(> expr <)>, { <+>,<->,<*>,</>,<**>,<)> } ] (s47)
[ 22: functions -> . <sinh> <(> expr <)>, { <+>,<->,<*>,</>,<**>,<)> } ] (s51)
[ 23: functions -> . <cosh> <(> expr <)>, { <+>,<->,<*>,</>,<**>,<)> } ] (s55)
[ 24: functions -> . <tanh> <(> expr <)>, { <+>,<->,<*>,</>,<**>,<)> } ] (s59)
[ 25: functions -> . <exp> <(> expr <)>, { <+>,<->,<*>,</>,<**>,<)> } ] (s63)
[ 26: functions -> . <ln> <(> expr <)>, { <+>,<->,<*>,</>,<**>,<)> } ] (s67)
[ 27: functions -> . <sqrt> <(> expr <)>, { <+>,<->,<*>,</>,<**>,<)> } ] (s71)
[ 28: consts -> . <I>, { <+>,<->,<*>,</>,<**>,<)> } ] (s75)
[ 29: consts -> . <pi>, { <+>,<->,<*>,</>,<**>,<)> } ] (s76)
[ 30: consts -> . <e>, { <+>,<->,<*>,</>,<**>,<)> } ] (s77)

i49
[ 21: functions -> <atan> <(> expr . <)>, { <EOF>,<+>,<->,<*>,</>,<**>,<)> } ]* (s50)
[ 2: expr -> expr . <+> expr, { <+>,<->,<*>,</>,<**>,<)> } ]* (s3)
[ 3: expr -> expr . <-> expr, { <+>,<->,<*>,</>,<**>,<)> } ]* (s5)
[ 4: expr -> expr . <*> expr, { <+>,<->,<*>,</>,<**>,<)> } ]* (s7)
[ 5: expr -> expr . </> expr, { <+>,<->,<*>,</>,<**>,<)> } ]* (s9)
[ 6: expr -> expr . <**> expr, { <+>,<->,<*>,</>,<**>,<)> } ]* (s11)

i50
[ 21: functions -> <atan> <(> expr <)> ., { <EOF>,<+>,<->,<*>,</>,<**>,<)> } ]* (r)

i51
[ 22: functions -> <sinh> . <(> expr <)>, { <EOF>,<+>,<->,<*>,</>,<**>,<)> } ]* (s52)

i52
[ 22: functions -> <sinh> <(> . expr <)>, { <EOF>,<+>,<->,<*>,</>,<**>,<)> } ]* (s53)
[ 2: expr -> . expr <+> expr, { <+>,<->,<*>,</>,<**>,<)> } ] (s53)
[ 3: expr -> . expr <-> expr, { <+>,<->,<*>,</>,<**>,<)> } ] (s53)
[ 4: expr -> . expr <*> expr, { <+>,<->,<*>,</>,<**>,<)> } ] (s53)
[ 5: expr -> . expr </> expr, { <+>,<->,<*>,</>,<**>,<)> } ] (s53)
[ 6: expr -> . expr <**> expr, { <+>,<->,<*>,</>,<**>,<)> } ] (s53)
[ 7: expr -> . atomicExpr, { <+>,<->,<*>,</>,<**>,<)> } ] (s13)
[ 8: atomicExpr -> . atom, { <+>,<->,<*>,</>,<**>,<)> } ] (s14)
[ 9: atomicExpr -> . <+> atom, { <+>,<->,<*>,</>,<**>,<)> } ] (s15)
[ 10: atomicExpr -> . <-> atom, { <+>,<->,<*>,</>,<**>,<)> } ] (s17)
[ 11: atomicExpr -> . <*> atom, { <+>,<->,<*>,</>,<**>,<)> } ] (s19)
[ 12: atom -> . <num>, { <+>,<->,<*>,</>,<**>,<)> } ] (s21)
[ 13: atom -> . <(> expr <)>, { <+>,<->,<*>,</>,<**>,<)> } ] (s22)
[ 14: atom -> . functions, { <+>,<->,<*>,</>,<**>,<)> } ] (s25)
[ 15: atom -> . consts, { <+>,<->,<*>,</>,<**>,<)> } ] (s26)
[ 16: functions -> . <sin> <(> expr <)>, { <+>,<->,<*>,</>,<**>,<)> } ] (s27)
[ 17: functions -> . <cos> <(> expr <)>, { <+>,<->,<*>,</>,<**>,<)> } ] (s31)
[ 18: functions -> . <tan> <(> expr <)>, { <+>,<->,<*>,</>,<**>,<)> } ] (s35)
[ 19: functions -> . <asin> <(> expr <)>, { <+>,<->,<*>,</>,<**>,<)> } ] (s39)
[ 20: functions -> . <acos> <(> expr <)>, { <+>,<->,<*>,</>,<**>,<)> } ] (s43)
[ 21: functions -> . <atan> <(> expr <)>, { <+>,<->,<*>,</>,<**>,<)> } ] (s47)
[ 22: functions -> . <sinh> <(> expr <)>, { <+>,<->,<*>,</>,<**>,<)> } ] (s51)
[ 23: functions -> . <cosh> <(> expr <)>, { <+>,<->,<*>,</>,<**>,<)> } ] (s55)
[ 24: functions -> . <tanh> <(> expr <)>, { <+>,<->,<*>,</>,<**>,<)> } ] (s59)
[ 25: functions -> . <exp> <(> expr <)>, { <+>,<->,<*>,</>,<**>,<)> } ] (s63)
[ 26: functions -> . <ln> <(> expr <)>, { <+>,<->,<*>,</>,<**>,<)> } ] (s67)
[ 27: functions -> . <sqrt> <(> expr <)>, { <+>,<->,<*>,</>,<**>,<)> } ] (s71)
[ 28: consts -> . <I>, { <+>,<->,<*>,</>,<**>,<)> } ] (s75)
[ 29: consts -> . <pi>, { <+>,<->,<*>,</>,<**>,<)> } ] (s76)
[ 30: consts -> . <e>, { <+>,<->,<*>,</>,<**>,<)> } ] (s77)

i53
[ 22: functions -> <sinh> <(> expr . <)>, { <EOF>,<+>,<->,<*>,</>,<**>,<)> } ]* (s54)
[ 2: expr -> expr . <+> expr, { <+>,<->,<*>,</>,<**>,<)> } ]* (s3)
[ 3: expr -> expr . <-> expr, { <+>,<->,<*>,</>,<**>,<)> } ]* (s5)
[ 4: expr -> expr . <*> expr, { <+>,<->,<*>,</>,<**>,<)> } ]* (s7)
[ 5: expr -> expr . </> expr, { <+>,<->,<*>,</>,<**>,<)> } ]* (s9)
[ 6: expr -> expr . <**> expr, { <+>,<->,<*>,</>,<**>,<)> } ]* (s11)

i54
[ 22: functions -> <sinh> <(> expr <)> ., { <EOF>,<+>,<->,<*>,</>,<**>,<)> } ]* (r)

i55
[ 23: functions -> <cosh> . <(> expr <)>, { <EOF>,<+>,<->,<*>,</>,<**>,<)> } ]* (s56)

i56
[ 23: functions -> <cosh> <(> . expr <)>, { <EOF>,<+>,<->,<*>,</>,<**>,<)> } ]* (s57)
[ 2: expr -> . expr <+> expr, { <+>,<->,<*>,</>,<**>,<)> } ] (s57)
[ 3: expr -> . expr <-> expr, { <+>,<->,<*>,</>,<**>,<)> } ] (s57)
[ 4: expr -> . expr <*> expr, { <+>,<->,<*>,</>,<**>,<)> } ] (s57)
[ 5: expr -> . expr </> expr, { <+>,<->,<*>,</>,<**>,<)> } ] (s57)
[ 6: expr -> . expr <**> expr, { <+>,<->,<*>,</>,<**>,<)> } ] (s57)
[ 7: expr -> . atomicExpr, { <+>,<->,<*>,</>,<**>,<)> } ] (s13)
[ 8: atomicExpr -> . atom, { <+>,<->,<*>,</>,<**>,<)> } ] (s14)
[ 9: atomicExpr -> . <+> atom, { <+>,<->,<*>,</>,<**>,<)> } ] (s15)
[ 10: atomicExpr -> . <-> atom, { <+>,<->,<*>,</>,<**>,<)> } ] (s17)
[ 11: atomicExpr -> . <*> atom, { <+>,<->,<*>,</>,<**>,<)> } ] (s19)
[ 12: atom -> . <num>, { <+>,<->,<*>,</>,<**>,<)> } ] (s21)
[ 13: atom -> . <(> expr <)>, { <+>,<->,<*>,</>,<**>,<)> } ] (s22)
[ 14: atom -> . functions, { <+>,<->,<*>,</>,<**>,<)> } ] (s25)
[ 15: atom -> . consts, { <+>,<->,<*>,</>,<**>,<)> } ] (s26)
[ 16: functions -> . <sin> <(> expr <)>, { <+>,<->,<*>,</>,<**>,<)> } ] (s27)
[ 17: functions -> . <cos> <(> expr <)>, { <+>,<->,<*>,</>,<**>,<)> } ] (s31)
[ 18: functions -> . <tan> <(> expr <)>, { <+>,<->,<*>,</>,<**>,<)> } ] (s35)
[ 19: functions -> . <asin> <(> expr <)>, { <+>,<->,<*>,</>,<**>,<)> } ] (s39)
[ 20: functions -> . <acos> <(> expr <)>, { <+>,<->,<*>,</>,<**>,<)> } ] (s43)
[ 21: functions -> . <atan> <(> expr <)>, { <+>,<->,<*>,</>,<**>,<)> } ] (s47)
[ 22: functions -> . <sinh> <(> expr <)>, { <+>,<->,<*>,</>,<**>,<)> } ] (s51)
[ 23: functions -> . <cosh> <(> expr <)>, { <+>,<->,<*>,</>,<**>,<)> } ] (s55)
[ 24: functions -> . <tanh> <(> expr <)>, { <+>,<->,<*>,</>,<**>,<)> } ] (s59)
[ 25: functions -> . <exp> <(> expr <)>, { <+>,<->,<*>,</>,<**>,<)> } ] (s63)
[ 26: functions -> . <ln> <(> expr <)>, { <+>,<->,<*>,</>,<**>,<)> } ] (s67)
[ 27: functions -> . <sqrt> <(> expr <)>, { <+>,<->,<*>,</>,<**>,<)> } ] (s71)
[ 28: consts -> . <I>, { <+>,<->,<*>,</>,<**>,<)> } ] (s75)
[ 29: consts -> . <pi>, { <+>,<->,<*>,</>,<**>,<)> } ] (s76)
[ 30: consts -> . <e>, { <+>,<->,<*>,</>,<**>,<)> } ] (s77)

i57
[ 23: functions -> <cosh> <(> expr . <)>, { <EOF>,<+>,<->,<*>,</>,<**>,<)> } ]* (s58)
[ 2: expr -> expr . <+> expr, { <+>,<->,<*>,</>,<**>,<)> } ]* (s3)
[ 3: expr -> expr . <-> expr, { <+>,<->,<*>,</>,<**>,<)> } ]* (s5)
[ 4: expr -> expr . <*> expr, { <+>,<->,<*>,</>,<**>,<)> } ]* (s7)
[ 5: expr -> expr . </> expr, { <+>,<->,<*>,</>,<**>,<)> } ]* (s9)
[ 6: expr -> expr . <**> expr, { <+>,<->,<*>,</>,<**>,<)> } ]* (s11)

i58
[ 23: functions -> <cosh> <(> expr <)> ., { <EOF>,<+>,<->,<*>,</>,<**>,<)> } ]* (r)

i59
[ 24: functions -> <tanh> . <(> expr <)>, { <EOF>,<+>,<->,<*>,</>,<**>,<)> } ]* (s60)

i60
[ 24: functions -> <tanh> <(> . expr <)>, { <EOF>,<+>,<->,<*>,</>,<**>,<)> } ]* (s61)
[ 2: expr -> . expr <+> expr, { <+>,<->,<*>,</>,<**>,<)> } ] (s61)
[ 3: expr -> . expr <-> expr, { <+>,<->,<*>,</>,<**>,<)> } ] (s61)
[ 4: expr -> . expr <*> expr, { <+>,<->,<*>,</>,<**>,<)> } ] (s61)
[ 5: expr -> . expr </> expr, { <+>,<->,<*>,</>,<**>,<)> } ] (s61)
[ 6: expr -> . expr <**> expr, { <+>,<->,<*>,</>,<**>,<)> } ] (s61)
[ 7: expr -> . atomicExpr, { <+>,<->,<*>,</>,<**>,<)> } ] (s13)
[ 8: atomicExpr -> . atom, { <+>,<->,<*>,</>,<**>,<)> } ] (s14)
[ 9: atomicExpr -> . <+> atom, { <+>,<->,<*>,</>,<**>,<)> } ] (s15)
[ 10: atomicExpr -> . <-> atom, { <+>,<->,<*>,</>,<**>,<)> } ] (s17)
[ 11: atomicExpr -> . <*> atom, { <+>,<->,<*>,</>,<**>,<)> } ] (s19)
[ 12: atom -> . <num>, { <+>,<->,<*>,</>,<**>,<)> } ] (s21)
[ 13: atom -> . <(> expr <)>, { <+>,<->,<*>,</>,<**>,<)> } ] (s22)
[ 14: atom -> . functions, { <+>,<->,<*>,</>,<**>,<)> } ] (s25)
[ 15: atom -> . consts, { <+>,<->,<*>,</>,<**>,<)> } ] (s26)
[ 16: functions -> . <sin> <(> expr <)>, { <+>,<->,<*>,</>,<**>,<)> } ] (s27)
[ 17: functions -> . <cos> <(> expr <)>, { <+>,<->,<*>,</>,<**>,<)> } ] (s31)
[ 18: functions -> . <tan> <(> expr <)>, { <+>,<->,<*>,</>,<**>,<)> } ] (s35)
[ 19: functions -> . <asin> <(> expr <)>, { <+>,<->,<*>,</>,<**>,<)> } ] (s39)
[ 20: functions -> . <acos> <(> expr <)>, { <+>,<->,<*>,</>,<**>,<)> } ] (s43)
[ 21: functions -> . <atan> <(> expr <)>, { <+>,<->,<*>,</>,<**>,<)> } ] (s47)
[ 22: functions -> . <sinh> <(> expr <)>, { <+>,<->,<*>,</>,<**>,<)> } ] (s51)
[ 23: functions -> . <cosh> <(> expr <)>, { <+>,<->,<*>,</>,<**>,<)> } ] (s55)
[ 24: functions -> . <tanh> <(> expr <)>, { <+>,<->,<*>,</>,<**>,<)> } ] (s59)
[ 25: functions -> . <exp> <(> expr <)>, { <+>,<->,<*>,</>,<**>,<)> } ] (s63)
[ 26: functions -> . <ln> <(> expr <)>, { <+>,<->,<*>,</>,<**>,<)> } ] (s67)
[ 27: functions -> . <sqrt> <(> expr <)>, { <+>,<->,<*>,</>,<**>,<)> } ] (s71)
[ 28: consts -> . <I>, { <+>,<->,<*>,</>,<**>,<)> } ] (s75)
[ 29: consts -> . <pi>, { <+>,<->,<*>,</>,<**>,<)> } ] (s76)
[ 30: consts -> . <e>, { <+>,<->,<*>,</>,<**>,<)> } ] (s77)

i61
[ 24: functions -> <tanh> <(> expr . <)>, { <EOF>,<+>,<->,<*>,</>,<**>,<)> } ]* (s62)
[ 2: expr -> expr . <+> expr, { <+>,<->,<*>,</>,<**>,<)> } ]* (s3)
[ 3: expr -> expr . <-> expr, { <+>,<->,<*>,</>,<**>,<)> } ]* (s5)
[ 4: expr -> expr . <*> expr, { <+>,<->,<*>,</>,<**>,<)> } ]* (s7)
[ 5: expr -> expr . </> expr, { <+>,<->,<*>,</>,<**>,<)> } ]* (s9)
[ 6: expr -> expr . <**> expr, { <+>,<->,<*>,</>,<**>,<)> } ]* (s11)

i62
[ 24: functions -> <tanh> <(> expr <)> ., { <EOF>,<+>,<->,<*>,</>,<**>,<)> } ]* (r)

i63
[ 25: functions -> <exp> . <(> expr <)>, { <EOF>,<+>,<->,<*>,</>,<**>,<)> } ]* (s64)

i64
[ 25: functions -> <exp> <(> . expr <)>, { <EOF>,<+>,<->,<*>,</>,<**>,<)> } ]* (s65)
[ 2: expr -> . expr <+> expr, { <+>,<->,<*>,</>,<**>,<)> } ] (s65)
[ 3: expr -> . expr <-> expr, { <+>,<->,<*>,</>,<**>,<)> } ] (s65)
[ 4: expr -> . expr <*> expr, { <+>,<->,<*>,</>,<**>,<)> } ] (s65)
[ 5: expr -> . expr </> expr, { <+>,<->,<*>,</>,<**>,<)> } ] (s65)
[ 6: expr -> . expr <**> expr, { <+>,<->,<*>,</>,<**>,<)> } ] (s65)
[ 7: expr -> . atomicExpr, { <+>,<->,<*>,</>,<**>,<)> } ] (s13)
[ 8: atomicExpr -> . atom, { <+>,<->,<*>,</>,<**>,<)> } ] (s14)
[ 9: atomicExpr -> . <+> atom, { <+>,<->,<*>,</>,<**>,<)> } ] (s15)
[ 10: atomicExpr -> . <-> atom, { <+>,<->,<*>,</>,<**>,<)> } ] (s17)
[ 11: atomicExpr -> . <*> atom, { <+>,<->,<*>,</>,<**>,<)> } ] (s19)
[ 12: atom -> . <num>, { <+>,<->,<*>,</>,<**>,<)> } ] (s21)
[ 13: atom -> . <(> expr <)>, { <+>,<->,<*>,</>,<**>,<)> } ] (s22)
[ 14: atom -> . functions, { <+>,<->,<*>,</>,<**>,<)> } ] (s25)
[ 15: atom -> . consts, { <+>,<->,<*>,</>,<**>,<)> } ] (s26)
[ 16: functions -> . <sin> <(> expr <)>, { <+>,<->,<*>,</>,<**>,<)> } ] (s27)
[ 17: functions -> . <cos> <(> expr <)>, { <+>,<->,<*>,</>,<**>,<)> } ] (s31)
[ 18: functions -> . <tan> <(> expr <)>, { <+>,<->,<*>,</>,<**>,<)> } ] (s35)
[ 19: functions -> . <asin> <(> expr <)>, { <+>,<->,<*>,</>,<**>,<)> } ] (s39)
[ 20: functions -> . <acos> <(> expr <)>, { <+>,<->,<*>,</>,<**>,<)> } ] (s43)
[ 21: functions -> . <atan> <(> expr <)>, { <+>,<->,<*>,</>,<**>,<)> } ] (s47)
[ 22: functions -> . <sinh> <(> expr <)>, { <+>,<->,<*>,</>,<**>,<)> } ] (s51)
[ 23: functions -> . <cosh> <(> expr <)>, { <+>,<->,<*>,</>,<**>,<)> } ] (s55)
[ 24: functions -> . <tanh> <(> expr <)>, { <+>,<->,<*>,</>,<**>,<)> } ] (s59)
[ 25: functions -> . <exp> <(> expr <)>, { <+>,<->,<*>,</>,<**>,<)> } ] (s63)
[ 26: functions -> . <ln> <(> expr <)>, { <+>,<->,<*>,</>,<**>,<)> } ] (s67)
[ 27: functions -> . <sqrt> <(> expr <)>, { <+>,<->,<*>,</>,<**>,<)> } ] (s71)
[ 28: consts -> . <I>, { <+>,<->,<*>,</>,<**>,<)> } ] (s75)
[ 29: consts -> . <pi>, { <+>,<->,<*>,</>,<**>,<)> } ] (s76)
[ 30: consts -> . <e>, { <+>,<->,<*>,</>,<**>,<)> } ] (s77)

i65
[ 25: functions -> <exp> <(> expr . <)>, { <EOF>,<+>,<->,<*>,</>,<**>,<)> } ]* (s66)
[ 2: expr -> expr . <+> expr, { <+>,<->,<*>,</>,<**>,<)> } ]* (s3)
[ 3: expr -> expr . <-> expr, { <+>,<->,<*>,</>,<**>,<)> } ]* (s5)
[ 4: expr -> expr . <*> expr, { <+>,<->,<*>,</>,<**>,<)> } ]* (s7)
[ 5: expr -> expr . </> expr, { <+>,<->,<*>,</>,<**>,<)> } ]* (s9)
[ 6: expr -> expr . <**> expr, { <+>,<->,<*>,</>,<**>,<)> } ]* (s11)

i66
[ 25: functions -> <exp> <(> expr <)> ., { <EOF>,<+>,<->,<*>,</>,<**>,<)> } ]* (r)

i67
[ 26: functions -> <ln> . <(> expr <)>, { <EOF>,<+>,<->,<*>,</>,<**>,<)> } ]* (s68)

i68
[ 26: functions -> <ln> <(> . expr <)>, { <EOF>,<+>,<->,<*>,</>,<**>,<)> } ]* (s69)
[ 2: expr -> . expr <+> expr, { <+>,<->,<*>,</>,<**>,<)> } ] (s69)
[ 3: expr -> . expr <-> expr, { <+>,<->,<*>,</>,<**>,<)> } ] (s69)
[ 4: expr -> . expr <*> expr, { <+>,<->,<*>,</>,<**>,<)> } ] (s69)
[ 5: expr -> . expr </> expr, { <+>,<->,<*>,</>,<**>,<)> } ] (s69)
[ 6: expr -> . expr <**> expr, { <+>,<->,<*>,</>,<**>,<)> } ] (s69)
[ 7: expr -> . atomicExpr, { <+>,<->,<*>,</>,<**>,<)> } ] (s13)
[ 8: atomicExpr -> . atom, { <+>,<->,<*>,</>,<**>,<)> } ] (s14)
[ 9: atomicExpr -> . <+> atom, { <+>,<->,<*>,</>,<**>,<)> } ] (s15)
[ 10: atomicExpr -> . <-> atom, { <+>,<->,<*>,</>,<**>,<)> } ] (s17)
[ 11: atomicExpr -> . <*> atom, { <+>,<->,<*>,</>,<**>,<)> } ] (s19)
[ 12: atom -> . <num>, { <+>,<->,<*>,</>,<**>,<)> } ] (s21)
[ 13: atom -> . <(> expr <)>, { <+>,<->,<*>,</>,<**>,<)> } ] (s22)
[ 14: atom -> . functions, { <+>,<->,<*>,</>,<**>,<)> } ] (s25)
[ 15: atom -> . consts, { <+>,<->,<*>,</>,<**>,<)> } ] (s26)
[ 16: functions -> . <sin> <(> expr <)>, { <+>,<->,<*>,</>,<**>,<)> } ] (s27)
[ 17: functions -> . <cos> <(> expr <)>, { <+>,<->,<*>,</>,<**>,<)> } ] (s31)
[ 18: functions -> . <tan> <(> expr <)>, { <+>,<->,<*>,</>,<**>,<)> } ] (s35)
[ 19: functions -> . <asin> <(> expr <)>, { <+>,<->,<*>,</>,<**>,<)> } ] (s39)
[ 20: functions -> . <acos> <(> expr <)>, { <+>,<->,<*>,</>,<**>,<)> } ] (s43)
[ 21: functions -> . <atan> <(> expr <)>, { <+>,<->,<*>,</>,<**>,<)> } ] (s47)
[ 22: functions -> . <sinh> <(> expr <)>, { <+>,<->,<*>,</>,<**>,<)> } ] (s51)
[ 23: functions -> . <cosh> <(> expr <)>, { <+>,<->,<*>,</>,<**>,<)> } ] (s55)
[ 24: functions -> . <tanh> <(> expr <)>, { <+>,<->,<*>,</>,<**>,<)> } ] (s59)
[ 25: functions -> . <exp> <(> expr <)>, { <+>,<->,<*>,</>,<**>,<)> } ] (s63)
[ 26: functions -> . <ln> <(> expr <)>, { <+>,<->,<*>,</>,<**>,<)> } ] (s67)
[ 27: functions -> . <sqrt> <(> expr <)>, { <+>,<->,<*>,</>,<**>,<)> } ] (s71)
[ 28: consts -> . <I>, { <+>,<->,<*>,</>,<**>,<)> } ] (s75)
[ 29: consts -> . <pi>, { <+>,<->,<*>,</>,<**>,<)> } ] (s76)
[ 30: consts -> . <e>, { <+>,<->,<*>,</>,<**>,<)> } ] (s77)

i69
[ 26: functions -> <ln> <(> expr . <)>, { <EOF>,<+>,<->,<*>,</>,<**>,<)> } ]* (s70)
[ 2: expr -> expr . <+> expr, { <+>,<->,<*>,</>,<**>,<)> } ]* (s3)
[ 3: expr -> expr . <-> expr, { <+>,<->,<*>,</>,<**>,<)> } ]* (s5)
[ 4: expr -> expr . <*> expr, { <+>,<->,<*>,</>,<**>,<)> } ]* (s7)
[ 5: expr -> expr . </> expr, { <+>,<->,<*>,</>,<**>,<)> } ]* (s9)
[ 6: expr -> expr . <**> expr, { <+>,<->,<*>,</>,<**>,<)> } ]* (s11)

i70
[ 26: functions -> <ln> <(> expr <)> ., { <EOF>,<+>,<->,<*>,</>,<**>,<)> } ]* (r)

i71
[ 27: functions -> <sqrt> . <(> expr <)>, { <EOF>,<+>,<->,<*>,</>,<**>,<)> } ]* (s72)

i72
[ 27: functions -> <sqrt> <(> . expr <)>, { <EOF>,<+>,<->,<*>,</>,<**>,<)> } ]* (s73)
[ 2: expr -> . expr <+> expr, { <+>,<->,<*>,</>,<**>,<)> } ] (s73)
[ 3: expr -> . expr <-> expr, { <+>,<->,<*>,</>,<**>,<)> } ] (s73)
[ 4: expr -> . expr <*> expr, { <+>,<->,<*>,</>,<**>,<)> } ] (s73)
[ 5: expr -> . expr </> expr, { <+>,<->,<*>,</>,<**>,<)> } ] (s73)
[ 6: expr -> . expr <**> expr, { <+>,<->,<*>,</>,<**>,<)> } ] (s73)
[ 7: expr -> . atomicExpr, { <+>,<->,<*>,</>,<**>,<)> } ] (s13)
[ 8: atomicExpr -> . atom, { <+>,<->,<*>,</>,<**>,<)> } ] (s14)
[ 9: atomicExpr -> . <+> atom, { <+>,<->,<*>,</>,<**>,<)> } ] (s15)
[ 10: atomicExpr -> . <-> atom, { <+>,<->,<*>,</>,<**>,<)> } ] (s17)
[ 11: atomicExpr -> . <*> atom, { <+>,<->,<*>,</>,<**>,<)> } ] (s19)
[ 12: atom -> . <num>, { <+>,<->,<*>,</>,<**>,<)> } ] (s21)
[ 13: atom -> . <(> expr <)>, { <+>,<->,<*>,</>,<**>,<)> } ] (s22)
[ 14: atom -> . functions, { <+>,<->,<*>,</>,<**>,<)> } ] (s25)
[ 15: atom -> . consts, { <+>,<->,<*>,</>,<**>,<)> } ] (s26)
[ 16: functions -> . <sin> <(> expr <)>, { <+>,<->,<*>,</>,<**>,<)> } ] (s27)
[ 17: functions -> . <cos> <(> expr <)>, { <+>,<->,<*>,</>,<**>,<)> } ] (s31)
[ 18: functions -> . <tan> <(> expr <)>, { <+>,<->,<*>,</>,<**>,<)> } ] (s35)
[ 19: functions -> . <asin> <(> expr <)>, { <+>,<->,<*>,</>,<**>,<)> } ] (s39)
[ 20: functions -> . <acos> <(> expr <)>, { <+>,<->,<*>,</>,<**>,<)> } ] (s43)
[ 21: functions -> . <atan> <(> expr <)>, { <+>,<->,<*>,</>,<**>,<)> } ] (s47)
[ 22: functions -> . <sinh> <(> expr <)>, { <+>,<->,<*>,</>,<**>,<)> } ] (s51)
[ 23: functions -> . <cosh> <(> expr <)>, { <+>,<->,<*>,</>,<**>,<)> } ] (s55)
[ 24: functions -> . <tanh> <(> expr <)>, { <+>,<->,<*>,</>,<**>,<)> } ] (s59)
[ 25: functions -> . <exp> <(> expr <)>, { <+>,<->,<*>,</>,<**>,<)> } ] (s63)
[ 26: functions -> . <ln> <(> expr <)>, { <+>,<->,<*>,</>,<**>,<)> } ] (s67)
[ 27: functions -> . <sqrt> <(> expr <)>, { <+>,<->,<*>,</>,<**>,<)> } ] (s71)
[ 28: consts -> . <I>, { <+>,<->,<*>,</>,<**>,<)> } ] (s75)
[ 29: consts -> . <pi>, { <+>,<->,<*>,</>,<**>,<)> } ] (s76)
[ 30: consts -> . <e>, { <+>,<->,<*>,</>,<**>,<)> } ] (s77)

i73
[ 27: functions -> <sqrt> <(> expr . <)>, { <EOF>,<+>,<->,<*>,</>,<**>,<)> } ]* (s74)
[ 2: expr -> expr . <+> expr, { <+>,<->,<*>,</>,<**>,<)> } ]* (s3)
[ 3: expr -> expr . <-> expr, { <+>,<->,<*>,</>,<**>,<)> } ]* (s5)
[ 4: expr -> expr . <*> expr, { <+>,<->,<*>,</>,<**>,<)> } ]* (s7)
[ 5: expr -> expr . </> expr, { <+>,<->,<*>,</>,<**>,<)> } ]* (s9)
[ 6: expr -> expr . <**> expr, { <+>,<->,<*>,</>,<**>,<)> } ]* (s11)

i74
[ 27: functions -> <sqrt> <(> expr <)> ., { <EOF>,<+>,<->,<*>,</>,<**>,<)> } ]* (r)

i75
[ 28: consts -> <I> ., { <EOF>,<+>,<->,<*>,</>,<**>,<)> } ]* (r)

i76
[ 29: consts -> <pi> ., { <EOF>,<+>,<->,<*>,</>,<**>,<)> } ]* (r)

i77
[ 30: consts -> <e> ., { <EOF>,<+>,<->,<*>,</>,<**>,<)> } ]* (r)

test 1:
| <num> <+> <num> [0 ]
<num> | <+> <num> [0 21 ]
atom | <+> <num> [0 14 ]
atomicExpr | <+> <num> [0 13 ]
expr | <+> <num> [0 2 ]
expr <+> | <num> [0 2 3 ]
expr <+> <num> | [0 2 3 21 ]
expr <+> atom | [0 2 3 14 ]
expr <+> atomicExpr | [0 2 3 13 ]
expr <+> expr | [0 2 3 4 ]
expr | [0 2 ]
start | [0 1 ]
accepted!

test 2:
| <num> <+> <(> <num> <*> <(> <num> <*> <num> <-> <num> <)> <+> <num> <)> [0 ]
<num> | <+> <(> <num> <*> <(> <num> <*> <num> <-> <num> <)> <+> <num> <)> [0 21 ]
atom | <+> <(> <num> <*> <(> <num> <*> <num> <-> <num> <)> <+> <num> <)> [0 14 ]
atomicExpr | <+> <(> <num> <*> <(> <num> <*> <num> <-> <num> <)> <+> <num> <)> [0 13 ]
expr | <+> <(> <num> <*> <(> <num> <*> <num> <-> <num> <)> <+> <num> <)> [0 2 ]
expr <+> | <(> <num> <*> <(> <num> <*> <num> <-> <num> <)> <+> <num> <)> [0 2 3 ]
expr <+> <(> | <num> <*> <(> <num> <*> <num> <-> <num> <)> <+> <num> <)> [0 2 3 22 ]
expr <+> <(> <num> | <*> <(> <num> <*> <num> <-> <num> <)> <+> <num> <)> [0 2 3 22 21 ]
expr <+> <(> atom | <*> <(> <num> <*> <num> <-> <num> <)> <+> <num> <)> [0 2 3 22 14 ]
expr <+> <(> atomicExpr | <*> <(> <num> <*> <num> <-> <num> <)> <+> <num> <)> [0 2 3 22 13 ]
expr <+> <(> expr | <*> <(> <num> <*> <num> <-> <num> <)> <+> <num> <)> [0 2 3 22 23 ]
expr <+> <(> expr <*> | <(> <num> <*> <num> <-> <num> <)> <+> <num> <)> [0 2 3 22 23 7 ]
expr <+> <(> expr <*> <(> | <num> <*> <num> <-> <num> <)> <+> <num> <)> [0 2 3 22 23 7 22 ]
expr <+> <(> expr <*> <(> <num> | <*> <num> <-> <num> <)> <+> <num> <)> [0 2 3 22 23 7 22 21 ]
expr <+> <(> expr <*> <(> atom | <*> <num> <-> <num> <)> <+> <num> <)> [0 2 3 22 23 7 22 14 ]
expr <+> <(> expr <*> <(> atomicExpr | <*> <num> <-> <num> <)> <+> <num> <)> [0 2 3 22 23 7 22 13 ]
expr <+> <(> expr <*> <(> expr | <*> <num> <-> <num> <)> <+> <num> <)> [0 2 3 22 23 7 22 23 ]
expr <+> <(> expr <*> <(> expr <*> | <num> <-> <num> <)> <+> <num> <)> [0 2 3 22 23 7 22 23 7 ]
expr <+> <(> expr <*> <(> expr <*> <num> | <-> <num> <)> <+> <num> <)> [0 2 3 22 23 7 22 23 7 21 ]
expr <+> <(> expr <*> <(> expr <*> atom | <-> <num> <)> <+> <num> <)> [0 2 3 22 23 7 22 23 7 14 ]
expr <+> <(> expr <*> <(> expr <*> atomicExpr | <-> <num> <)> <+> <num> <)> [0 2 3 22 23 7 22 23 7 13 ]
expr <+> <(> expr <*> <(> expr <*> expr | <-> <num> <)> <+> <num> <)> [0 2 3 22 23 7 22 23 7 8 ]
expr <+> <(> expr <*> <(> expr | <-> <num> <)> <+> <num> <)> [0 2 3 22 23 7 22 23 ]
expr <+> <(> expr <*> <(> expr <-> | <num> <)> <+> <num> <)> [0 2 3 22 23 7 22 23 5 ]
expr <+> <(> expr <*> <(> expr <-> <num> | <)> <+> <num> <)> [0 2 3 22 23 7 22 23 5 21 ]
expr <+> <(> expr <*> <(> expr <-> atom | <)> <+> <num> <)> [0 2 3 22 23 7 22 23 5 14 ]
expr <+> <(> expr <*> <(> expr <-> atomicExpr | <)> <+> <num> <)> [0 2 3 22 23 7 22 23 5 13 ]
expr <+> <(> expr <*> <(> expr <-> expr | <)> <+> <num> <)> [0 2 3 22 23 7 22 23 5 6 ]
expr <+> <(> expr <*> <(> expr | <)> <+> <num> <)> [0 2 3 22 23 7 22 23 ]
expr <+> <(> expr <*> <(> expr <)> | <+> <num> <)> [0 2 3 22 23 7 22 23 24 ]
expr <+> <(> expr <*> atom | <+> <num> <)> [0 2 3 22 23 7 14 ]
expr <+> <(> expr <*> atomicExpr | <+> <num> <)> [0 2 3 22 23 7 13 ]
expr <+> <(> expr <*> expr | <+> <num> <)> [0 2 3 22 23 7 8 ]
expr <+> <(> expr | <+> <num> <)> [0 2 3 22 23 ]
expr <+> <(> expr <+> | <num> <)> [0 2 3 22 23 3 ]
expr <+> <(> expr <+> <num> | <)> [0 2 3 22 23 3 21 ]
expr <+> <(> expr <+> atom | <)> [0 2 3 22 23 3 14 ]
expr <+> <(> expr <+> atomicExpr | <)> [0 2 3 22 23 3 13 ]
expr <+> <(> expr <+> expr | <)> [0 2 3 22 23 3 4 ]
expr <+> <(> expr | <)> [0 2 3 22 23 ]
expr <+> <(> expr <)> | [0 2 3 22 23 24 ]
expr <+> atom | [0 2 3 14 ]
expr <+> atomicExpr | [0 2 3 13 ]
expr <+> expr | [0 2 3 4 ]
expr | [0 2 ]
start | [0 1 ]
accepted!

