i0
[ 0: (accept) -> . program ]* (s1)
[ 1: program -> . subProgram ] (s2)
[ 4: subProgram -> . <begin> @1 declList topStmtList @2 <end> ] (s3)

i1
[ 0: (accept) -> program . ]* (r)

i2
[ 1: program -> subProgram . ]* (r)

i3
[ 4: subProgram -> <begin> . @1 declList topStmtList @2 <end> ]* (s4)
[ 2: @1 -> . ] (r)

i4
[ 4: subProgram -> <begin> @1 . declList topStmtList @2 <end> ]* (s5)
[ 10: declList -> . ] (r)
[ 9: declList -> . declList decl ] (s5)

i5
[ 4: subProgram -> <begin> @1 declList . topStmtList @2 <end> ]* (s6)
[ 9: declList -> declList . decl ]* (s10)
[ 6: topStmtList -> . topStmt ] (s11)
[ 5: topStmtList -> . topStmtList topStmt ] (s6)
[ 12: decl -> . funcDecl ] (s12)
[ 11: decl -> . varDecl <;> ] (s13)
[ 8: topStmt -> . <__halt_compiler> <(> <)> <;> ] (s15)
[ 7: topStmt -> . stmt ] (s19)
[ 17: funcDecl -> . <integer> <function> <ID> @3 <(> argDefList @4 <)> <;> funcBody ] (s20)
[ 13: varDecl -> . <integer> varID ] (s20)
[ 32: stmt -> . ifStmt ] (s43)
[ 31: stmt -> . funcCall <;> ] (s44)
[ 30: stmt -> . assignStmt <;> ] (s46)
[ 29: stmt -> . writeStmt <;> ] (s48)
[ 28: stmt -> . readStmt <;> ] (s50)
[ 27: stmt -> . <begin> block <end> ] (s52)
[ 54: ifStmt -> . <if> expr @5 <then> stmt <else> @6 stmt ] (s55)
[ 56: funcCall -> . <ID> @7 <(> argList <)> ] (s99)
[ 35: assignStmt -> . leftExpr <:=> expr ] (s71)
[ 34: writeStmt -> . <write> <(> expr <)> ] (s101)
[ 33: readStmt -> . <read> <(> leftExpr <)> ] (s105)
[ 36: leftExpr -> . varID ] (s109)
[ 14: varID -> . <ID> ] (s99)

i6
[ 4: subProgram -> <begin> @1 declList topStmtList . @2 <end> ]* (s7)
[ 5: topStmtList -> topStmtList . topStmt ]* (s9)
[ 3: @2 -> . ] (r)
[ 8: topStmt -> . <__halt_compiler> <(> <)> <;> ] (s15)
[ 7: topStmt -> . stmt ] (s19)
[ 32: stmt -> . ifStmt ] (s43)
[ 31: stmt -> . funcCall <;> ] (s44)
[ 30: stmt -> . assignStmt <;> ] (s46)
[ 29: stmt -> . writeStmt <;> ] (s48)
[ 28: stmt -> . readStmt <;> ] (s50)
[ 27: stmt -> . <begin> block <end> ] (s52)
[ 54: ifStmt -> . <if> expr @5 <then> stmt <else> @6 stmt ] (s55)
[ 56: funcCall -> . <ID> @7 <(> argList <)> ] (s99)
[ 35: assignStmt -> . leftExpr <:=> expr ] (s71)
[ 34: writeStmt -> . <write> <(> expr <)> ] (s101)
[ 33: readStmt -> . <read> <(> leftExpr <)> ] (s105)
[ 36: leftExpr -> . varID ] (s109)
[ 14: varID -> . <ID> ] (s99)

i7
[ 4: subProgram -> <begin> @1 declList topStmtList @2 . <end> ]* (s8)

i8
[ 4: subProgram -> <begin> @1 declList topStmtList @2 <end> . ]* (r)

i9
[ 5: topStmtList -> topStmtList topStmt . ]* (r)

i10
[ 9: declList -> declList decl . ]* (r)

i11
[ 6: topStmtList -> topStmt . ]* (r)

i12
[ 12: decl -> funcDecl . ]* (r)

i13
[ 11: decl -> varDecl . <;> ]* (s14)

i14
[ 11: decl -> varDecl <;> . ]* (r)

i15
[ 8: topStmt -> <__halt_compiler> . <(> <)> <;> ]* (s16)

i16
[ 8: topStmt -> <__halt_compiler> <(> . <)> <;> ]* (s17)

i17
[ 8: topStmt -> <__halt_compiler> <(> <)> . <;> ]* (s18)

i18
[ 8: topStmt -> <__halt_compiler> <(> <)> <;> . ]* (r)

i19
[ 7: topStmt -> stmt . ]* (r)

i20
[ 17: funcDecl -> <integer> . <function> <ID> @3 <(> argDefList @4 <)> <;> funcBody ]* (s21)
[ 13: varDecl -> <integer> . varID ]* (s40)
[ 14: varID -> . <ID> ] (s41)

i21
[ 17: funcDecl -> <integer> <function> . <ID> @3 <(> argDefList @4 <)> <;> funcBody ]* (s22)

i22
[ 17: funcDecl -> <integer> <function> <ID> . @3 <(> argDefList @4 <)> <;> funcBody ]* (s23)
[ 15: @3 -> . ] (r)

i23
[ 17: funcDecl -> <integer> <function> <ID> @3 . <(> argDefList @4 <)> <;> funcBody ]* (s24)

i24
[ 17: funcDecl -> <integer> <function> <ID> @3 <(> . argDefList @4 <)> <;> funcBody ]* (s25)
[ 19: argDefList -> . ] (r)
[ 18: argDefList -> . nonEmptyArgDef ] (s36)
[ 21: nonEmptyArgDef -> . varID ] (s39)
[ 20: nonEmptyArgDef -> . nonEmptyArgDef <,> varID ] (s36)
[ 14: varID -> . <ID> ] (s41)

i25
[ 17: funcDecl -> <integer> <function> <ID> @3 <(> argDefList . @4 <)> <;> funcBody ]* (s26)
[ 16: @4 -> . ] (r)

i26
[ 17: funcDecl -> <integer> <function> <ID> @3 <(> argDefList @4 . <)> <;> funcBody ]* (s27)

i27
[ 17: funcDecl -> <integer> <function> <ID> @3 <(> argDefList @4 <)> . <;> funcBody ]* (s28)

i28
[ 17: funcDecl -> <integer> <function> <ID> @3 <(> argDefList @4 <)> <;> . funcBody ]* (s29)
[ 22: funcBody -> . <begin> declList stmtList <end> ] (s30)

i29
[ 17: funcDecl -> <integer> <function> <ID> @3 <(> argDefList @4 <)> <;> funcBody . ]* (r)

i30
[ 22: funcBody -> <begin> . declList stmtList <end> ]* (s31)
[ 10: declList -> . ] (r)
[ 9: declList -> . declList decl ] (s31)

i31
[ 22: funcBody -> <begin> declList . stmtList <end> ]* (s32)
[ 9: declList -> declList . decl ]* (s10)
[ 24: stmtList -> . stmtList stmt ] (s32)
[ 23: stmtList -> . stmt ] (s35)
[ 12: decl -> . funcDecl ] (s12)
[ 11: decl -> . varDecl <;> ] (s13)
[ 32: stmt -> . ifStmt ] (s43)
[ 31: stmt -> . funcCall <;> ] (s44)
[ 30: stmt -> . assignStmt <;> ] (s46)
[ 29: stmt -> . writeStmt <;> ] (s48)
[ 28: stmt -> . readStmt <;> ] (s50)
[ 27: stmt -> . <begin> block <end> ] (s52)
[ 17: funcDecl -> . <integer> <function> <ID> @3 <(> argDefList @4 <)> <;> funcBody ] (s20)
[ 13: varDecl -> . <integer> varID ] (s20)
[ 54: ifStmt -> . <if> expr @5 <then> stmt <else> @6 stmt ] (s55)
[ 56: funcCall -> . <ID> @7 <(> argList <)> ] (s99)
[ 35: assignStmt -> . leftExpr <:=> expr ] (s71)
[ 34: writeStmt -> . <write> <(> expr <)> ] (s101)
[ 33: readStmt -> . <read> <(> leftExpr <)> ] (s105)
[ 36: leftExpr -> . varID ] (s109)
[ 14: varID -> . <ID> ] (s99)

i32
[ 22: funcBody -> <begin> declList stmtList . <end> ]* (s33)
[ 24: stmtList -> stmtList . stmt ]* (s34)
[ 32: stmt -> . ifStmt ] (s43)
[ 31: stmt -> . funcCall <;> ] (s44)
[ 30: stmt -> . assignStmt <;> ] (s46)
[ 29: stmt -> . writeStmt <;> ] (s48)
[ 28: stmt -> . readStmt <;> ] (s50)
[ 27: stmt -> . <begin> block <end> ] (s52)
[ 54: ifStmt -> . <if> expr @5 <then> stmt <else> @6 stmt ] (s55)
[ 56: funcCall -> . <ID> @7 <(> argList <)> ] (s99)
[ 35: assignStmt -> . leftExpr <:=> expr ] (s71)
[ 34: writeStmt -> . <write> <(> expr <)> ] (s101)
[ 33: readStmt -> . <read> <(> leftExpr <)> ] (s105)
[ 36: leftExpr -> . varID ] (s109)
[ 14: varID -> . <ID> ] (s99)

i33
[ 22: funcBody -> <begin> declList stmtList <end> . ]* (r)

i34
[ 24: stmtList -> stmtList stmt . ]* (r)

i35
[ 23: stmtList -> stmt . ]* (r)

i36
[ 18: argDefList -> nonEmptyArgDef . ]* (r)
[ 20: nonEmptyArgDef -> nonEmptyArgDef . <,> varID ]* (s37)

i37
[ 20: nonEmptyArgDef -> nonEmptyArgDef <,> . varID ]* (s38)
[ 14: varID -> . <ID> ] (s41)

i38
[ 20: nonEmptyArgDef -> nonEmptyArgDef <,> varID . ]* (r)

i39
[ 21: nonEmptyArgDef -> varID . ]* (r)

i40
[ 13: varDecl -> <integer> varID . ]* (r)

i41
[ 14: varID -> <ID> . ]* (r)

i42
[ 26: block -> stmtList . ]* (r)
[ 24: stmtList -> stmtList . stmt ]* (s34)
[ 32: stmt -> . ifStmt ] (s43)
[ 31: stmt -> . funcCall <;> ] (s44)
[ 30: stmt -> . assignStmt <;> ] (s46)
[ 29: stmt -> . writeStmt <;> ] (s48)
[ 28: stmt -> . readStmt <;> ] (s50)
[ 27: stmt -> . <begin> block <end> ] (s52)
[ 54: ifStmt -> . <if> expr @5 <then> stmt <else> @6 stmt ] (s55)
[ 56: funcCall -> . <ID> @7 <(> argList <)> ] (s99)
[ 35: assignStmt -> . leftExpr <:=> expr ] (s71)
[ 34: writeStmt -> . <write> <(> expr <)> ] (s101)
[ 33: readStmt -> . <read> <(> leftExpr <)> ] (s105)
[ 36: leftExpr -> . varID ] (s109)
[ 14: varID -> . <ID> ] (s99)

i43
[ 32: stmt -> ifStmt . ]* (r)

i44
[ 31: stmt -> funcCall . <;> ]* (s45)

i45
[ 31: stmt -> funcCall <;> . ]* (r)

i46
[ 30: stmt -> assignStmt . <;> ]* (s47)

i47
[ 30: stmt -> assignStmt <;> . ]* (r)

i48
[ 29: stmt -> writeStmt . <;> ]* (s49)

i49
[ 29: stmt -> writeStmt <;> . ]* (r)

i50
[ 28: stmt -> readStmt . <;> ]* (s51)

i51
[ 28: stmt -> readStmt <;> . ]* (r)

i52
[ 27: stmt -> <begin> . block <end> ]* (s53)
[ 26: block -> . stmtList ] (s42)
[ 25: block -> . ] (r)
[ 24: stmtList -> . stmtList stmt ] (s42)
[ 23: stmtList -> . stmt ] (s35)
[ 32: stmt -> . ifStmt ] (s43)
[ 31: stmt -> . funcCall <;> ] (s44)
[ 30: stmt -> . assignStmt <;> ] (s46)
[ 29: stmt -> . writeStmt <;> ] (s48)
[ 28: stmt -> . readStmt <;> ] (s50)
[ 27: stmt -> . <begin> block <end> ] (s52)
[ 54: ifStmt -> . <if> expr @5 <then> stmt <else> @6 stmt ] (s55)
[ 56: funcCall -> . <ID> @7 <(> argList <)> ] (s99)
[ 35: assignStmt -> . leftExpr <:=> expr ] (s71)
[ 34: writeStmt -> . <write> <(> expr <)> ] (s101)
[ 33: readStmt -> . <read> <(> leftExpr <)> ] (s105)
[ 36: leftExpr -> . varID ] (s109)
[ 14: varID -> . <ID> ] (s99)

i53
[ 27: stmt -> <begin> block . <end> ]* (s54)

i54
[ 27: stmt -> <begin> block <end> . ]* (r)

i55
[ 54: ifStmt -> <if> . expr @5 <then> stmt <else> @6 stmt ]* (s56)
[ 50: expr -> . funcCall ] (s96)
[ 49: expr -> . varID ] (s97)
[ 48: expr -> . constant ] (s98)
[ 47: expr -> . expr <ne> expr ] (s56)
[ 46: expr -> . expr <=> expr ] (s56)
[ 45: expr -> . expr <gtoe> expr ] (s56)
[ 44: expr -> . expr <ltoe> expr ] (s56)
[ 43: expr -> . expr <gt> expr ] (s56)
[ 42: expr -> . expr <lt> expr ] (s56)
[ 41: expr -> . expr <mod> expr ] (s56)
[ 40: expr -> . expr </> expr ] (s56)
[ 39: expr -> . expr <*> expr ] (s56)
[ 38: expr -> . expr <-> expr ] (s56)
[ 37: expr -> . expr <+> expr ] (s56)
[ 56: funcCall -> . <ID> @7 <(> argList <)> ] (s99)
[ 14: varID -> . <ID> ] (s99)
[ 51: constant -> . <NUM> ] (s100)

i56
[ 54: ifStmt -> <if> expr . @5 <then> stmt <else> @6 stmt ]* (s57)
[ 47: expr -> expr . <ne> expr ]* (s74)
[ 46: expr -> expr . <=> expr ]* (s76)
[ 45: expr -> expr . <gtoe> expr ]* (s78)
[ 44: expr -> expr . <ltoe> expr ]* (s80)
[ 43: expr -> expr . <gt> expr ]* (s82)
[ 42: expr -> expr . <lt> expr ]* (s84)
[ 41: expr -> expr . <mod> expr ]* (s86)
[ 40: expr -> expr . </> expr ]* (s88)
[ 39: expr -> expr . <*> expr ]* (s90)
[ 38: expr -> expr . <-> expr ]* (s92)
[ 37: expr -> expr . <+> expr ]* (s94)
[ 52: @5 -> . ] (r)

i57
[ 54: ifStmt -> <if> expr @5 . <then> stmt <else> @6 stmt ]* (s58)

i58
[ 54: ifStmt -> <if> expr @5 <then> . stmt <else> @6 stmt ]* (s59)
[ 32: stmt -> . ifStmt ] (s43)
[ 31: stmt -> . funcCall <;> ] (s44)
[ 30: stmt -> . assignStmt <;> ] (s46)
[ 29: stmt -> . writeStmt <;> ] (s48)
[ 28: stmt -> . readStmt <;> ] (s50)
[ 27: stmt -> . <begin> block <end> ] (s52)
[ 54: ifStmt -> . <if> expr @5 <then> stmt <else> @6 stmt ] (s55)
[ 56: funcCall -> . <ID> @7 <(> argList <)> ] (s99)
[ 35: assignStmt -> . leftExpr <:=> expr ] (s71)
[ 34: writeStmt -> . <write> <(> expr <)> ] (s101)
[ 33: readStmt -> . <read> <(> leftExpr <)> ] (s105)
[ 36: leftExpr -> . varID ] (s109)
[ 14: varID -> . <ID> ] (s99)

i59
[ 54: ifStmt -> <if> expr @5 <then> stmt . <else> @6 stmt ]* (s60)

i60
[ 54: ifStmt -> <if> expr @5 <then> stmt <else> . @6 stmt ]* (s61)
[ 53: @6 -> . ] (r)

i61
[ 54: ifStmt -> <if> expr @5 <then> stmt <else> @6 . stmt ]* (s62)
[ 32: stmt -> . ifStmt ] (s43)
[ 31: stmt -> . funcCall <;> ] (s44)
[ 30: stmt -> . assignStmt <;> ] (s46)
[ 29: stmt -> . writeStmt <;> ] (s48)
[ 28: stmt -> . readStmt <;> ] (s50)
[ 27: stmt -> . <begin> block <end> ] (s52)
[ 54: ifStmt -> . <if> expr @5 <then> stmt <else> @6 stmt ] (s55)
[ 56: funcCall -> . <ID> @7 <(> argList <)> ] (s99)
[ 35: assignStmt -> . leftExpr <:=> expr ] (s71)
[ 34: writeStmt -> . <write> <(> expr <)> ] (s101)
[ 33: readStmt -> . <read> <(> leftExpr <)> ] (s105)
[ 36: leftExpr -> . varID ] (s109)
[ 14: varID -> . <ID> ] (s99)

i62
[ 54: ifStmt -> <if> expr @5 <then> stmt <else> @6 stmt . ]* (r)

i63
[ 57: argList -> nonEmptyArgList . ]* (r)
[ 59: nonEmptyArgList -> nonEmptyArgList . <,> expr ]* (s64)

i64
[ 59: nonEmptyArgList -> nonEmptyArgList <,> . expr ]* (s65)
[ 50: expr -> . funcCall ] (s96)
[ 49: expr -> . varID ] (s97)
[ 48: expr -> . constant ] (s98)
[ 47: expr -> . expr <ne> expr ] (s65)
[ 46: expr -> . expr <=> expr ] (s65)
[ 45: expr -> . expr <gtoe> expr ] (s65)
[ 44: expr -> . expr <ltoe> expr ] (s65)
[ 43: expr -> . expr <gt> expr ] (s65)
[ 42: expr -> . expr <lt> expr ] (s65)
[ 41: expr -> . expr <mod> expr ] (s65)
[ 40: expr -> . expr </> expr ] (s65)
[ 39: expr -> . expr <*> expr ] (s65)
[ 38: expr -> . expr <-> expr ] (s65)
[ 37: expr -> . expr <+> expr ] (s65)
[ 56: funcCall -> . <ID> @7 <(> argList <)> ] (s99)
[ 14: varID -> . <ID> ] (s99)
[ 51: constant -> . <NUM> ] (s100)

i65
[ 59: nonEmptyArgList -> nonEmptyArgList <,> expr . ]* (r)
[ 47: expr -> expr . <ne> expr ]* (s74)
[ 46: expr -> expr . <=> expr ]* (s76)
[ 45: expr -> expr . <gtoe> expr ]* (s78)
[ 44: expr -> expr . <ltoe> expr ]* (s80)
[ 43: expr -> expr . <gt> expr ]* (s82)
[ 42: expr -> expr . <lt> expr ]* (s84)
[ 41: expr -> expr . <mod> expr ]* (s86)
[ 40: expr -> expr . </> expr ]* (s88)
[ 39: expr -> expr . <*> expr ]* (s90)
[ 38: expr -> expr . <-> expr ]* (s92)
[ 37: expr -> expr . <+> expr ]* (s94)

i66
[ 60: nonEmptyArgList -> expr . ]* (r)
[ 47: expr -> expr . <ne> expr ]* (s74)
[ 46: expr -> expr . <=> expr ]* (s76)
[ 45: expr -> expr . <gtoe> expr ]* (s78)
[ 44: expr -> expr . <ltoe> expr ]* (s80)
[ 43: expr -> expr . <gt> expr ]* (s82)
[ 42: expr -> expr . <lt> expr ]* (s84)
[ 41: expr -> expr . <mod> expr ]* (s86)
[ 40: expr -> expr . </> expr ]* (s88)
[ 39: expr -> expr . <*> expr ]* (s90)
[ 38: expr -> expr . <-> expr ]* (s92)
[ 37: expr -> expr . <+> expr ]* (s94)

i67
[ 56: funcCall -> <ID> @7 . <(> argList <)> ]* (s68)

i68
[ 56: funcCall -> <ID> @7 <(> . argList <)> ]* (s69)
[ 58: argList -> . ] (r)
[ 57: argList -> . nonEmptyArgList ] (s63)
[ 60: nonEmptyArgList -> . expr ] (s66)
[ 59: nonEmptyArgList -> . nonEmptyArgList <,> expr ] (s63)
[ 50: expr -> . funcCall ] (s96)
[ 49: expr -> . varID ] (s97)
[ 48: expr -> . constant ] (s98)
[ 47: expr -> . expr <ne> expr ] (s66)
[ 46: expr -> . expr <=> expr ] (s66)
[ 45: expr -> . expr <gtoe> expr ] (s66)
[ 44: expr -> . expr <ltoe> expr ] (s66)
[ 43: expr -> . expr <gt> expr ] (s66)
[ 42: expr -> . expr <lt> expr ] (s66)
[ 41: expr -> . expr <mod> expr ] (s66)
[ 40: expr -> . expr </> expr ] (s66)
[ 39: expr -> . expr <*> expr ] (s66)
[ 38: expr -> . expr <-> expr ] (s66)
[ 37: expr -> . expr <+> expr ] (s66)
[ 56: funcCall -> . <ID> @7 <(> argList <)> ] (s99)
[ 14: varID -> . <ID> ] (s99)
[ 51: constant -> . <NUM> ] (s100)

i69
[ 56: funcCall -> <ID> @7 <(> argList . <)> ]* (s70)

i70
[ 56: funcCall -> <ID> @7 <(> argList <)> . ]* (r)

i71
[ 35: assignStmt -> leftExpr . <:=> expr ]* (s72)

i72
[ 35: assignStmt -> leftExpr <:=> . expr ]* (s73)
[ 50: expr -> . funcCall ] (s96)
[ 49: expr -> . varID ] (s97)
[ 48: expr -> . constant ] (s98)
[ 47: expr -> . expr <ne> expr ] (s73)
[ 46: expr -> . expr <=> expr ] (s73)
[ 45: expr -> . expr <gtoe> expr ] (s73)
[ 44: expr -> . expr <ltoe> expr ] (s73)
[ 43: expr -> . expr <gt> expr ] (s73)
[ 42: expr -> . expr <lt> expr ] (s73)
[ 41: expr -> . expr <mod> expr ] (s73)
[ 40: expr -> . expr </> expr ] (s73)
[ 39: expr -> . expr <*> expr ] (s73)
[ 38: expr -> . expr <-> expr ] (s73)
[ 37: expr -> . expr <+> expr ] (s73)
[ 56: funcCall -> . <ID> @7 <(> argList <)> ] (s99)
[ 14: varID -> . <ID> ] (s99)
[ 51: constant -> . <NUM> ] (s100)

i73
[ 35: assignStmt -> leftExpr <:=> expr . ]* (r)
[ 47: expr -> expr . <ne> expr ]* (s74)
[ 46: expr -> expr . <=> expr ]* (s76)
[ 45: expr -> expr . <gtoe> expr ]* (s78)
[ 44: expr -> expr . <ltoe> expr ]* (s80)
[ 43: expr -> expr . <gt> expr ]* (s82)
[ 42: expr -> expr . <lt> expr ]* (s84)
[ 41: expr -> expr . <mod> expr ]* (s86)
[ 40: expr -> expr . </> expr ]* (s88)
[ 39: expr -> expr . <*> expr ]* (s90)
[ 38: expr -> expr . <-> expr ]* (s92)
[ 37: expr -> expr . <+> expr ]* (s94)

i74
[ 47: expr -> expr <ne> . expr ]* (s75)
[ 50: expr -> . funcCall ] (s96)
[ 49: expr -> . varID ] (s97)
[ 48: expr -> . constant ] (s98)
[ 47: expr -> . expr <ne> expr ] (s75)
[ 46: expr -> . expr <=> expr ] (s75)
[ 45: expr -> . expr <gtoe> expr ] (s75)
[ 44: expr -> . expr <ltoe> expr ] (s75)
[ 43: expr -> . expr <gt> expr ] (s75)
[ 42: expr -> . expr <lt> expr ] (s75)
[ 41: expr -> . expr <mod> expr ] (s75)
[ 40: expr -> . expr </> expr ] (s75)
[ 39: expr -> . expr <*> expr ] (s75)
[ 38: expr -> . expr <-> expr ] (s75)
[ 37: expr -> . expr <+> expr ] (s75)
[ 56: funcCall -> . <ID> @7 <(> argList <)> ] (s99)
[ 14: varID -> . <ID> ] (s99)
[ 51: constant -> . <NUM> ] (s100)

i75
[ 47: expr -> expr <ne> expr . ]* (r)
[ 47: expr -> expr . <ne> expr ]* (s74)
[ 46: expr -> expr . <=> expr ]* (s76)
[ 45: expr -> expr . <gtoe> expr ]* (s78)
[ 44: expr -> expr . <ltoe> expr ]* (s80)
[ 43: expr -> expr . <gt> expr ]* (s82)
[ 42: expr -> expr . <lt> expr ]* (s84)
[ 41: expr -> expr . <mod> expr ]* (s86)
[ 40: expr -> expr . </> expr ]* (s88)
[ 39: expr -> expr . <*> expr ]* (s90)
[ 38: expr -> expr . <-> expr ]* (s92)
[ 37: expr -> expr . <+> expr ]* (s94)

i76
[ 46: expr -> expr <=> . expr ]* (s77)
[ 50: expr -> . funcCall ] (s96)
[ 49: expr -> . varID ] (s97)
[ 48: expr -> . constant ] (s98)
[ 47: expr -> . expr <ne> expr ] (s77)
[ 46: expr -> . expr <=> expr ] (s77)
[ 45: expr -> . expr <gtoe> expr ] (s77)
[ 44: expr -> . expr <ltoe> expr ] (s77)
[ 43: expr -> . expr <gt> expr ] (s77)
[ 42: expr -> . expr <lt> expr ] (s77)
[ 41: expr -> . expr <mod> expr ] (s77)
[ 40: expr -> . expr </> expr ] (s77)
[ 39: expr -> . expr <*> expr ] (s77)
[ 38: expr -> . expr <-> expr ] (s77)
[ 37: expr -> . expr <+> expr ] (s77)
[ 56: funcCall -> . <ID> @7 <(> argList <)> ] (s99)
[ 14: varID -> . <ID> ] (s99)
[ 51: constant -> . <NUM> ] (s100)

i77
[ 46: expr -> expr <=> expr . ]* (r)
[ 47: expr -> expr . <ne> expr ]* (s74)
[ 46: expr -> expr . <=> expr ]* (s76)
[ 45: expr -> expr . <gtoe> expr ]* (s78)
[ 44: expr -> expr . <ltoe> expr ]* (s80)
[ 43: expr -> expr . <gt> expr ]* (s82)
[ 42: expr -> expr . <lt> expr ]* (s84)
[ 41: expr -> expr . <mod> expr ]* (s86)
[ 40: expr -> expr . </> expr ]* (s88)
[ 39: expr -> expr . <*> expr ]* (s90)
[ 38: expr -> expr . <-> expr ]* (s92)
[ 37: expr -> expr . <+> expr ]* (s94)

i78
[ 45: expr -> expr <gtoe> . expr ]* (s79)
[ 50: expr -> . funcCall ] (s96)
[ 49: expr -> . varID ] (s97)
[ 48: expr -> . constant ] (s98)
[ 47: expr -> . expr <ne> expr ] (s79)
[ 46: expr -> . expr <=> expr ] (s79)
[ 45: expr -> . expr <gtoe> expr ] (s79)
[ 44: expr -> . expr <ltoe> expr ] (s79)
[ 43: expr -> . expr <gt> expr ] (s79)
[ 42: expr -> . expr <lt> expr ] (s79)
[ 41: expr -> . expr <mod> expr ] (s79)
[ 40: expr -> . expr </> expr ] (s79)
[ 39: expr -> . expr <*> expr ] (s79)
[ 38: expr -> . expr <-> expr ] (s79)
[ 37: expr -> . expr <+> expr ] (s79)
[ 56: funcCall -> . <ID> @7 <(> argList <)> ] (s99)
[ 14: varID -> . <ID> ] (s99)
[ 51: constant -> . <NUM> ] (s100)

i79
[ 45: expr -> expr <gtoe> expr . ]* (r)
[ 47: expr -> expr . <ne> expr ]* (s74)
[ 46: expr -> expr . <=> expr ]* (s76)
[ 45: expr -> expr . <gtoe> expr ]* (s78)
[ 44: expr -> expr . <ltoe> expr ]* (s80)
[ 43: expr -> expr . <gt> expr ]* (s82)
[ 42: expr -> expr . <lt> expr ]* (s84)
[ 41: expr -> expr . <mod> expr ]* (s86)
[ 40: expr -> expr . </> expr ]* (s88)
[ 39: expr -> expr . <*> expr ]* (s90)
[ 38: expr -> expr . <-> expr ]* (s92)
[ 37: expr -> expr . <+> expr ]* (s94)

i80
[ 44: expr -> expr <ltoe> . expr ]* (s81)
[ 50: expr -> . funcCall ] (s96)
[ 49: expr -> . varID ] (s97)
[ 48: expr -> . constant ] (s98)
[ 47: expr -> . expr <ne> expr ] (s81)
[ 46: expr -> . expr <=> expr ] (s81)
[ 45: expr -> . expr <gtoe> expr ] (s81)
[ 44: expr -> . expr <ltoe> expr ] (s81)
[ 43: expr -> . expr <gt> expr ] (s81)
[ 42: expr -> . expr <lt> expr ] (s81)
[ 41: expr -> . expr <mod> expr ] (s81)
[ 40: expr -> . expr </> expr ] (s81)
[ 39: expr -> . expr <*> expr ] (s81)
[ 38: expr -> . expr <-> expr ] (s81)
[ 37: expr -> . expr <+> expr ] (s81)
[ 56: funcCall -> . <ID> @7 <(> argList <)> ] (s99)
[ 14: varID -> . <ID> ] (s99)
[ 51: constant -> . <NUM> ] (s100)

i81
[ 44: expr -> expr <ltoe> expr . ]* (r)
[ 47: expr -> expr . <ne> expr ]* (s74)
[ 46: expr -> expr . <=> expr ]* (s76)
[ 45: expr -> expr . <gtoe> expr ]* (s78)
[ 44: expr -> expr . <ltoe> expr ]* (s80)
[ 43: expr -> expr . <gt> expr ]* (s82)
[ 42: expr -> expr . <lt> expr ]* (s84)
[ 41: expr -> expr . <mod> expr ]* (s86)
[ 40: expr -> expr . </> expr ]* (s88)
[ 39: expr -> expr . <*> expr ]* (s90)
[ 38: expr -> expr . <-> expr ]* (s92)
[ 37: expr -> expr . <+> expr ]* (s94)

i82
[ 43: expr -> expr <gt> . expr ]* (s83)
[ 50: expr -> . funcCall ] (s96)
[ 49: expr -> . varID ] (s97)
[ 48: expr -> . constant ] (s98)
[ 47: expr -> . expr <ne> expr ] (s83)
[ 46: expr -> . expr <=> expr ] (s83)
[ 45: expr -> . expr <gtoe> expr ] (s83)
[ 44: expr -> . expr <ltoe> expr ] (s83)
[ 43: expr -> . expr <gt> expr ] (s83)
[ 42: expr -> . expr <lt> expr ] (s83)
[ 41: expr -> . expr <mod> expr ] (s83)
[ 40: expr -> . expr </> expr ] (s83)
[ 39: expr -> . expr <*> expr ] (s83)
[ 38: expr -> . expr <-> expr ] (s83)
[ 37: expr -> . expr <+> expr ] (s83)
[ 56: funcCall -> . <ID> @7 <(> argList <)> ] (s99)
[ 14: varID -> . <ID> ] (s99)
[ 51: constant -> . <NUM> ] (s100)

i83
[ 43: expr -> expr <gt> expr . ]* (r)
[ 47: expr -> expr . <ne> expr ]* (s74)
[ 46: expr -> expr . <=> expr ]* (s76)
[ 45: expr -> expr . <gtoe> expr ]* (s78)
[ 44: expr -> expr . <ltoe> expr ]* (s80)
[ 43: expr -> expr . <gt> expr ]* (s82)
[ 42: expr -> expr . <lt> expr ]* (s84)
[ 41: expr -> expr . <mod> expr ]* (s86)
[ 40: expr -> expr . </> expr ]* (s88)
[ 39: expr -> expr . <*> expr ]* (s90)
[ 38: expr -> expr . <-> expr ]* (s92)
[ 37: expr -> expr . <+> expr ]* (s94)

i84
[ 42: expr -> expr <lt> . expr ]* (s85)
[ 50: expr -> . funcCall ] (s96)
[ 49: expr -> . varID ] (s97)
[ 48: expr -> . constant ] (s98)
[ 47: expr -> . expr <ne> expr ] (s85)
[ 46: expr -> . expr <=> expr ] (s85)
[ 45: expr -> . expr <gtoe> expr ] (s85)
[ 44: expr -> . expr <ltoe> expr ] (s85)
[ 43: expr -> . expr <gt> expr ] (s85)
[ 42: expr -> . expr <lt> expr ] (s85)
[ 41: expr -> . expr <mod> expr ] (s85)
[ 40: expr -> . expr </> expr ] (s85)
[ 39: expr -> . expr <*> expr ] (s85)
[ 38: expr -> . expr <-> expr ] (s85)
[ 37: expr -> . expr <+> expr ] (s85)
[ 56: funcCall -> . <ID> @7 <(> argList <)> ] (s99)
[ 14: varID -> . <ID> ] (s99)
[ 51: constant -> . <NUM> ] (s100)

i85
[ 42: expr -> expr <lt> expr . ]* (r)
[ 47: expr -> expr . <ne> expr ]* (s74)
[ 46: expr -> expr . <=> expr ]* (s76)
[ 45: expr -> expr . <gtoe> expr ]* (s78)
[ 44: expr -> expr . <ltoe> expr ]* (s80)
[ 43: expr -> expr . <gt> expr ]* (s82)
[ 42: expr -> expr . <lt> expr ]* (s84)
[ 41: expr -> expr . <mod> expr ]* (s86)
[ 40: expr -> expr . </> expr ]* (s88)
[ 39: expr -> expr . <*> expr ]* (s90)
[ 38: expr -> expr . <-> expr ]* (s92)
[ 37: expr -> expr . <+> expr ]* (s94)

i86
[ 41: expr -> expr <mod> . expr ]* (s87)
[ 50: expr -> . funcCall ] (s96)
[ 49: expr -> . varID ] (s97)
[ 48: expr -> . constant ] (s98)
[ 47: expr -> . expr <ne> expr ] (s87)
[ 46: expr -> . expr <=> expr ] (s87)
[ 45: expr -> . expr <gtoe> expr ] (s87)
[ 44: expr -> . expr <ltoe> expr ] (s87)
[ 43: expr -> . expr <gt> expr ] (s87)
[ 42: expr -> . expr <lt> expr ] (s87)
[ 41: expr -> . expr <mod> expr ] (s87)
[ 40: expr -> . expr </> expr ] (s87)
[ 39: expr -> . expr <*> expr ] (s87)
[ 38: expr -> . expr <-> expr ] (s87)
[ 37: expr -> . expr <+> expr ] (s87)
[ 56: funcCall -> . <ID> @7 <(> argList <)> ] (s99)
[ 14: varID -> . <ID> ] (s99)
[ 51: constant -> . <NUM> ] (s100)

i87
[ 41: expr -> expr <mod> expr . ]* (r)
[ 47: expr -> expr . <ne> expr ]* (s74)
[ 46: expr -> expr . <=> expr ]* (s76)
[ 45: expr -> expr . <gtoe> expr ]* (s78)
[ 44: expr -> expr . <ltoe> expr ]* (s80)
[ 43: expr -> expr . <gt> expr ]* (s82)
[ 42: expr -> expr . <lt> expr ]* (s84)
[ 41: expr -> expr . <mod> expr ]* (s86)
[ 40: expr -> expr . </> expr ]* (s88)
[ 39: expr -> expr . <*> expr ]* (s90)
[ 38: expr -> expr . <-> expr ]* (s92)
[ 37: expr -> expr . <+> expr ]* (s94)

i88
[ 40: expr -> expr </> . expr ]* (s89)
[ 50: expr -> . funcCall ] (s96)
[ 49: expr -> . varID ] (s97)
[ 48: expr -> . constant ] (s98)
[ 47: expr -> . expr <ne> expr ] (s89)
[ 46: expr -> . expr <=> expr ] (s89)
[ 45: expr -> . expr <gtoe> expr ] (s89)
[ 44: expr -> . expr <ltoe> expr ] (s89)
[ 43: expr -> . expr <gt> expr ] (s89)
[ 42: expr -> . expr <lt> expr ] (s89)
[ 41: expr -> . expr <mod> expr ] (s89)
[ 40: expr -> . expr </> expr ] (s89)
[ 39: expr -> . expr <*> expr ] (s89)
[ 38: expr -> . expr <-> expr ] (s89)
[ 37: expr -> . expr <+> expr ] (s89)
[ 56: funcCall -> . <ID> @7 <(> argList <)> ] (s99)
[ 14: varID -> . <ID> ] (s99)
[ 51: constant -> . <NUM> ] (s100)

i89
[ 40: expr -> expr </> expr . ]* (r)
[ 47: expr -> expr . <ne> expr ]* (s74)
[ 46: expr -> expr . <=> expr ]* (s76)
[ 45: expr -> expr . <gtoe> expr ]* (s78)
[ 44: expr -> expr . <ltoe> expr ]* (s80)
[ 43: expr -> expr . <gt> expr ]* (s82)
[ 42: expr -> expr . <lt> expr ]* (s84)
[ 41: expr -> expr . <mod> expr ]* (s86)
[ 40: expr -> expr . </> expr ]* (s88)
[ 39: expr -> expr . <*> expr ]* (s90)
[ 38: expr -> expr . <-> expr ]* (s92)
[ 37: expr -> expr . <+> expr ]* (s94)

i90
[ 39: expr -> expr <*> . expr ]* (s91)
[ 50: expr -> . funcCall ] (s96)
[ 49: expr -> . varID ] (s97)
[ 48: expr -> . constant ] (s98)
[ 47: expr -> . expr <ne> expr ] (s91)
[ 46: expr -> . expr <=> expr ] (s91)
[ 45: expr -> . expr <gtoe> expr ] (s91)
[ 44: expr -> . expr <ltoe> expr ] (s91)
[ 43: expr -> . expr <gt> expr ] (s91)
[ 42: expr -> . expr <lt> expr ] (s91)
[ 41: expr -> . expr <mod> expr ] (s91)
[ 40: expr -> . expr </> expr ] (s91)
[ 39: expr -> . expr <*> expr ] (s91)
[ 38: expr -> . expr <-> expr ] (s91)
[ 37: expr -> . expr <+> expr ] (s91)
[ 56: funcCall -> . <ID> @7 <(> argList <)> ] (s99)
[ 14: varID -> . <ID> ] (s99)
[ 51: constant -> . <NUM> ] (s100)

i91
[ 39: expr -> expr <*> expr . ]* (r)
[ 47: expr -> expr . <ne> expr ]* (s74)
[ 46: expr -> expr . <=> expr ]* (s76)
[ 45: expr -> expr . <gtoe> expr ]* (s78)
[ 44: expr -> expr . <ltoe> expr ]* (s80)
[ 43: expr -> expr . <gt> expr ]* (s82)
[ 42: expr -> expr . <lt> expr ]* (s84)
[ 41: expr -> expr . <mod> expr ]* (s86)
[ 40: expr -> expr . </> expr ]* (s88)
[ 39: expr -> expr . <*> expr ]* (s90)
[ 38: expr -> expr . <-> expr ]* (s92)
[ 37: expr -> expr . <+> expr ]* (s94)

i92
[ 38: expr -> expr <-> . expr ]* (s93)
[ 50: expr -> . funcCall ] (s96)
[ 49: expr -> . varID ] (s97)
[ 48: expr -> . constant ] (s98)
[ 47: expr -> . expr <ne> expr ] (s93)
[ 46: expr -> . expr <=> expr ] (s93)
[ 45: expr -> . expr <gtoe> expr ] (s93)
[ 44: expr -> . expr <ltoe> expr ] (s93)
[ 43: expr -> . expr <gt> expr ] (s93)
[ 42: expr -> . expr <lt> expr ] (s93)
[ 41: expr -> . expr <mod> expr ] (s93)
[ 40: expr -> . expr </> expr ] (s93)
[ 39: expr -> . expr <*> expr ] (s93)
[ 38: expr -> . expr <-> expr ] (s93)
[ 37: expr -> . expr <+> expr ] (s93)
[ 56: funcCall -> . <ID> @7 <(> argList <)> ] (s99)
[ 14: varID -> . <ID> ] (s99)
[ 51: constant -> . <NUM> ] (s100)

i93
[ 38: expr -> expr <-> expr . ]* (r)
[ 47: expr -> expr . <ne> expr ]* (s74)
[ 46: expr -> expr . <=> expr ]* (s76)
[ 45: expr -> expr . <gtoe> expr ]* (s78)
[ 44: expr -> expr . <ltoe> expr ]* (s80)
[ 43: expr -> expr . <gt> expr ]* (s82)
[ 42: expr -> expr . <lt> expr ]* (s84)
[ 41: expr -> expr . <mod> expr ]* (s86)
[ 40: expr -> expr . </> expr ]* (s88)
[ 39: expr -> expr . <*> expr ]* (s90)
[ 38: expr -> expr . <-> expr ]* (s92)
[ 37: expr -> expr . <+> expr ]* (s94)

i94
[ 37: expr -> expr <+> . expr ]* (s95)
[ 50: expr -> . funcCall ] (s96)
[ 49: expr -> . varID ] (s97)
[ 48: expr -> . constant ] (s98)
[ 47: expr -> . expr <ne> expr ] (s95)
[ 46: expr -> . expr <=> expr ] (s95)
[ 45: expr -> . expr <gtoe> expr ] (s95)
[ 44: expr -> . expr <ltoe> expr ] (s95)
[ 43: expr -> . expr <gt> expr ] (s95)
[ 42: expr -> . expr <lt> expr ] (s95)
[ 41: expr -> . expr <mod> expr ] (s95)
[ 40: expr -> . expr </> expr ] (s95)
[ 39: expr -> . expr <*> expr ] (s95)
[ 38: expr -> . expr <-> expr ] (s95)
[ 37: expr -> . expr <+> expr ] (s95)
[ 56: funcCall -> . <ID> @7 <(> argList <)> ] (s99)
[ 14: varID -> . <ID> ] (s99)
[ 51: constant -> . <NUM> ] (s100)

i95
[ 37: expr -> expr <+> expr . ]* (r)
[ 47: expr -> expr . <ne> expr ]* (s74)
[ 46: expr -> expr . <=> expr ]* (s76)
[ 45: expr -> expr . <gtoe> expr ]* (s78)
[ 44: expr -> expr . <ltoe> expr ]* (s80)
[ 43: expr -> expr . <gt> expr ]* (s82)
[ 42: expr -> expr . <lt> expr ]* (s84)
[ 41: expr -> expr . <mod> expr ]* (s86)
[ 40: expr -> expr . </> expr ]* (s88)
[ 39: expr -> expr . <*> expr ]* (s90)
[ 38: expr -> expr . <-> expr ]* (s92)
[ 37: expr -> expr . <+> expr ]* (s94)

i96
[ 50: expr -> funcCall . ]* (r)

i97
[ 49: expr -> varID . ]* (r)

i98
[ 48: expr -> constant . ]* (r)

i99
[ 56: funcCall -> <ID> . @7 <(> argList <)> ]* (s67)
[ 14: varID -> <ID> . ]* (r)
[ 55: @7 -> . ] (r)

i100
[ 51: constant -> <NUM> . ]* (r)

i101
[ 34: writeStmt -> <write> . <(> expr <)> ]* (s102)

i102
[ 34: writeStmt -> <write> <(> . expr <)> ]* (s103)
[ 50: expr -> . funcCall ] (s96)
[ 49: expr -> . varID ] (s97)
[ 48: expr -> . constant ] (s98)
[ 47: expr -> . expr <ne> expr ] (s103)
[ 46: expr -> . expr <=> expr ] (s103)
[ 45: expr -> . expr <gtoe> expr ] (s103)
[ 44: expr -> . expr <ltoe> expr ] (s103)
[ 43: expr -> . expr <gt> expr ] (s103)
[ 42: expr -> . expr <lt> expr ] (s103)
[ 41: expr -> . expr <mod> expr ] (s103)
[ 40: expr -> . expr </> expr ] (s103)
[ 39: expr -> . expr <*> expr ] (s103)
[ 38: expr -> . expr <-> expr ] (s103)
[ 37: expr -> . expr <+> expr ] (s103)
[ 56: funcCall -> . <ID> @7 <(> argList <)> ] (s99)
[ 14: varID -> . <ID> ] (s99)
[ 51: constant -> . <NUM> ] (s100)

i103
[ 34: writeStmt -> <write> <(> expr . <)> ]* (s104)
[ 47: expr -> expr . <ne> expr ]* (s74)
[ 46: expr -> expr . <=> expr ]* (s76)
[ 45: expr -> expr . <gtoe> expr ]* (s78)
[ 44: expr -> expr . <ltoe> expr ]* (s80)
[ 43: expr -> expr . <gt> expr ]* (s82)
[ 42: expr -> expr . <lt> expr ]* (s84)
[ 41: expr -> expr . <mod> expr ]* (s86)
[ 40: expr -> expr . </> expr ]* (s88)
[ 39: expr -> expr . <*> expr ]* (s90)
[ 38: expr -> expr . <-> expr ]* (s92)
[ 37: expr -> expr . <+> expr ]* (s94)

i104
[ 34: writeStmt -> <write> <(> expr <)> . ]* (r)

i105
[ 33: readStmt -> <read> . <(> leftExpr <)> ]* (s106)

i106
[ 33: readStmt -> <read> <(> . leftExpr <)> ]* (s107)
[ 36: leftExpr -> . varID ] (s109)
[ 14: varID -> . <ID> ] (s41)

i107
[ 33: readStmt -> <read> <(> leftExpr . <)> ]* (s108)

i108
[ 33: readStmt -> <read> <(> leftExpr <)> . ]* (r)

i109
[ 36: leftExpr -> varID . ]* (r)

