
i0
[ 0: (accept) -> . start, { <EOF> } ]* (s1)
[ 1: start -> . start <[> <num> <]>, { <EOF>,<[>,<member> } ] (s1)
[ 2: start -> . start <[> <string> <]>, { <EOF>,<[>,<member> } ] (s1)
[ 3: start -> . start <member>, { <EOF>,<[>,<member> } ] (s1)
[ 4: start -> ., { <EOF>,<[>,<member> } ] (r)

i1
[ 0: (accept) -> start ., { <EOF> } ]* (r)
[ 1: start -> start . <[> <num> <]>, { <EOF>,<[>,<member> } ]* (s2)
[ 2: start -> start . <[> <string> <]>, { <EOF>,<[>,<member> } ]* (s2)
[ 3: start -> start . <member>, { <EOF>,<[>,<member> } ]* (s7)

i2
[ 1: start -> start <[> . <num> <]>, { <EOF>,<[>,<member> } ]* (s3)
[ 2: start -> start <[> . <string> <]>, { <EOF>,<[>,<member> } ]* (s5)

i3
[ 1: start -> start <[> <num> . <]>, { <EOF>,<[>,<member> } ]* (s4)

i4
[ 1: start -> start <[> <num> <]> ., { <EOF>,<[>,<member> } ]* (r)

i5
[ 2: start -> start <[> <string> . <]>, { <EOF>,<[>,<member> } ]* (s6)

i6
[ 2: start -> start <[> <string> <]> ., { <EOF>,<[>,<member> } ]* (r)

i7
[ 3: start -> start <member> ., { <EOF>,<[>,<member> } ]* (r)

