unused token(s):
    <(> (BRA)
    <)> (KET)

i0
[ 0: (accept) -> . json ]* (s1)
[ 3: json -> . primitives ] (s13)
[ 2: json -> . <[> array <]> ] (s14)
[ 1: json -> . <{> obj <}> ] (s17)
[ 17: primitives -> . <undefined> ] (s23)
[ 16: primitives -> . <null> ] (s24)
[ 15: primitives -> . <false> ] (s25)
[ 14: primitives -> . <true> ] (s26)
[ 13: primitives -> . <num> ] (s27)
[ 12: primitives -> . <string> ] (s28)

i1
[ 0: (accept) -> json . ]* (r)

i2
[ 8: array -> nonEmptyArray . possibleComma ]* (s3)
[ 10: nonEmptyArray -> nonEmptyArray . <,> json ]* (s4)
[ 19: possibleComma -> . ] (r)
[ 18: possibleComma -> . <,> ] (s4)

i3
[ 8: array -> nonEmptyArray possibleComma . ]* (r)

i4
[ 10: nonEmptyArray -> nonEmptyArray <,> . json ]* (s5)
[ 18: possibleComma -> <,> . ]* (r)
[ 3: json -> . primitives ] (s13)
[ 2: json -> . <[> array <]> ] (s14)
[ 1: json -> . <{> obj <}> ] (s17)
[ 17: primitives -> . <undefined> ] (s23)
[ 16: primitives -> . <null> ] (s24)
[ 15: primitives -> . <false> ] (s25)
[ 14: primitives -> . <true> ] (s26)
[ 13: primitives -> . <num> ] (s27)
[ 12: primitives -> . <string> ] (s28)

i5
[ 10: nonEmptyArray -> nonEmptyArray <,> json . ]* (r)

i6
[ 11: nonEmptyArray -> json . ]* (r)

i7
[ 4: obj -> nonEmptyObj . possibleComma ]* (s8)
[ 6: nonEmptyObj -> nonEmptyObj . <,> <string> <:> json ]* (s9)
[ 19: possibleComma -> . ] (r)
[ 18: possibleComma -> . <,> ] (s9)

i8
[ 4: obj -> nonEmptyObj possibleComma . ]* (r)

i9
[ 6: nonEmptyObj -> nonEmptyObj <,> . <string> <:> json ]* (s10)
[ 18: possibleComma -> <,> . ]* (r)

i10
[ 6: nonEmptyObj -> nonEmptyObj <,> <string> . <:> json ]* (s11)

i11
[ 6: nonEmptyObj -> nonEmptyObj <,> <string> <:> . json ]* (s12)
[ 3: json -> . primitives ] (s13)
[ 2: json -> . <[> array <]> ] (s14)
[ 1: json -> . <{> obj <}> ] (s17)
[ 17: primitives -> . <undefined> ] (s23)
[ 16: primitives -> . <null> ] (s24)
[ 15: primitives -> . <false> ] (s25)
[ 14: primitives -> . <true> ] (s26)
[ 13: primitives -> . <num> ] (s27)
[ 12: primitives -> . <string> ] (s28)

i12
[ 6: nonEmptyObj -> nonEmptyObj <,> <string> <:> json . ]* (r)

i13
[ 3: json -> primitives . ]* (r)

i14
[ 2: json -> <[> . array <]> ]* (s15)
[ 9: array -> . ] (r)
[ 8: array -> . nonEmptyArray possibleComma ] (s2)
[ 11: nonEmptyArray -> . json ] (s6)
[ 10: nonEmptyArray -> . nonEmptyArray <,> json ] (s2)
[ 3: json -> . primitives ] (s13)
[ 2: json -> . <[> array <]> ] (s14)
[ 1: json -> . <{> obj <}> ] (s17)
[ 17: primitives -> . <undefined> ] (s23)
[ 16: primitives -> . <null> ] (s24)
[ 15: primitives -> . <false> ] (s25)
[ 14: primitives -> . <true> ] (s26)
[ 13: primitives -> . <num> ] (s27)
[ 12: primitives -> . <string> ] (s28)

i15
[ 2: json -> <[> array . <]> ]* (s16)

i16
[ 2: json -> <[> array <]> . ]* (r)

i17
[ 1: json -> <{> . obj <}> ]* (s18)
[ 5: obj -> . ] (r)
[ 4: obj -> . nonEmptyObj possibleComma ] (s7)
[ 7: nonEmptyObj -> . <string> <:> json ] (s20)
[ 6: nonEmptyObj -> . nonEmptyObj <,> <string> <:> json ] (s7)

i18
[ 1: json -> <{> obj . <}> ]* (s19)

i19
[ 1: json -> <{> obj <}> . ]* (r)

i20
[ 7: nonEmptyObj -> <string> . <:> json ]* (s21)

i21
[ 7: nonEmptyObj -> <string> <:> . json ]* (s22)
[ 3: json -> . primitives ] (s13)
[ 2: json -> . <[> array <]> ] (s14)
[ 1: json -> . <{> obj <}> ] (s17)
[ 17: primitives -> . <undefined> ] (s23)
[ 16: primitives -> . <null> ] (s24)
[ 15: primitives -> . <false> ] (s25)
[ 14: primitives -> . <true> ] (s26)
[ 13: primitives -> . <num> ] (s27)
[ 12: primitives -> . <string> ] (s28)

i22
[ 7: nonEmptyObj -> <string> <:> json . ]* (r)

i23
[ 17: primitives -> <undefined> . ]* (r)

i24
[ 16: primitives -> <null> . ]* (r)

i25
[ 15: primitives -> <false> . ]* (r)

i26
[ 14: primitives -> <true> . ]* (r)

i27
[ 13: primitives -> <num> . ]* (r)

i28
[ 12: primitives -> <string> . ]* (r)

